<?xml version="1.0" encoding="UTF-8"?>
<coverage generated="1505391278910" clover="3.2.0">
  <project timestamp="1505391278911" name="All files">
    <metrics statements="608" coveredstatements="572" conditionals="234" coveredconditionals="179" methods="144" coveredmethods="132" elements="986" coveredelements="883" complexity="0" loc="608" ncloc="608" packages="14" files="41" classes="41">
      <package name="src">
        <metrics statements="8" coveredstatements="6" conditionals="2" coveredconditionals="2" methods="3" coveredmethods="1"/>
        <file name="constants.js" path="D:\sasha\Calendar\src\constants.js">
          <metrics statements="2" coveredstatements="2" conditionals="0" coveredconditionals="0" methods="0" coveredmethods="0"/>
          <line num="1" count="11" type="stmt"/>
          <line num="2" count="11" type="stmt"/>
        </file>
        <file name="index.js" path="D:\sasha\Calendar\src\index.js">
          <metrics statements="2" coveredstatements="2" conditionals="2" coveredconditionals="2" methods="0" coveredmethods="0"/>
          <line num="10" count="7" type="stmt"/>
          <line num="14" count="7" type="stmt"/>
        </file>
        <file name="router.js" path="D:\sasha\Calendar\src\router.js">
          <metrics statements="4" coveredstatements="2" conditionals="0" coveredconditionals="0" methods="3" coveredmethods="1"/>
          <line num="8" count="7" type="stmt"/>
          <line num="9" count="1" type="stmt"/>
          <line num="26" count="0" type="stmt"/>
          <line num="38" count="0" type="stmt"/>
        </file>
      </package>
      <package name="src.actions">
        <metrics statements="56" coveredstatements="53" conditionals="6" coveredconditionals="4" methods="25" coveredmethods="21"/>
        <file name="DayActions.js" path="D:\sasha\Calendar\src\actions\DayActions.js">
          <metrics statements="1" coveredstatements="1" conditionals="0" coveredconditionals="0" methods="1" coveredmethods="1"/>
          <line num="4" count="1" type="stmt"/>
        </file>
        <file name="EventActions.js" path="D:\sasha\Calendar\src\actions\EventActions.js">
          <metrics statements="53" coveredstatements="50" conditionals="6" coveredconditionals="4" methods="22" coveredmethods="18"/>
          <line num="25" count="7" type="stmt"/>
          <line num="26" count="3" type="cond" truecount="2" falsecount="0"/>
          <line num="27" count="3" type="stmt"/>
          <line num="31" count="2" type="stmt"/>
          <line num="32" count="2" type="stmt"/>
          <line num="33" count="2" type="stmt"/>
          <line num="34" count="1" type="stmt"/>
          <line num="35" count="1" type="stmt"/>
          <line num="36" count="1" type="stmt"/>
          <line num="37" count="1" type="stmt"/>
          <line num="38" count="1" type="stmt"/>
          <line num="39" count="1" type="stmt"/>
          <line num="40" count="1" type="stmt"/>
          <line num="41" count="1" type="stmt"/>
          <line num="44" count="1" type="stmt"/>
          <line num="50" count="2" type="stmt"/>
          <line num="51" count="2" type="stmt"/>
          <line num="52" count="2" type="stmt"/>
          <line num="53" count="1" type="stmt"/>
          <line num="54" count="1" type="stmt"/>
          <line num="55" count="1" type="stmt"/>
          <line num="56" count="1" type="stmt"/>
          <line num="57" count="1" type="stmt"/>
          <line num="58" count="1" type="stmt"/>
          <line num="59" count="1" type="stmt"/>
          <line num="60" count="1" type="stmt"/>
          <line num="61" count="1" type="stmt"/>
          <line num="64" count="1" type="stmt"/>
          <line num="65" count="1" type="stmt"/>
          <line num="71" count="2" type="stmt"/>
          <line num="72" count="2" type="stmt"/>
          <line num="73" count="2" type="stmt"/>
          <line num="74" count="1" type="stmt"/>
          <line num="75" count="1" type="stmt"/>
          <line num="76" count="1" type="stmt"/>
          <line num="77" count="0" type="cond" truecount="0" falsecount="2"/>
          <line num="78" count="0" type="stmt"/>
          <line num="80" count="0" type="stmt"/>
          <line num="83" count="1" type="stmt"/>
          <line num="84" count="1" type="stmt"/>
          <line num="85" count="1" type="stmt"/>
          <line num="88" count="1" type="stmt"/>
          <line num="95" count="5" type="stmt"/>
          <line num="96" count="2" type="stmt"/>
          <line num="97" count="2" type="stmt"/>
          <line num="98" count="1" type="cond" truecount="2" falsecount="0"/>
          <line num="99" count="1" type="stmt"/>
          <line num="100" count="1" type="stmt"/>
          <line num="101" count="1" type="stmt"/>
          <line num="102" count="1" type="stmt"/>
          <line num="103" count="1" type="stmt"/>
          <line num="106" count="1" type="stmt"/>
          <line num="112" count="1" type="stmt"/>
        </file>
        <file name="MonthActions.js" path="D:\sasha\Calendar\src\actions\MonthActions.js">
          <metrics statements="1" coveredstatements="1" conditionals="0" coveredconditionals="0" methods="1" coveredmethods="1"/>
          <line num="4" count="1" type="stmt"/>
        </file>
        <file name="YearActions.js" path="D:\sasha\Calendar\src\actions\YearActions.js">
          <metrics statements="1" coveredstatements="1" conditionals="0" coveredconditionals="0" methods="1" coveredmethods="1"/>
          <line num="4" count="1" type="stmt"/>
        </file>
      </package>
      <package name="src.components.Day">
        <metrics statements="95" coveredstatements="95" conditionals="18" coveredconditionals="18" methods="20" coveredmethods="20"/>
        <file name="Day.js" path="D:\sasha\Calendar\src\components\Day\Day.js">
          <metrics statements="26" coveredstatements="26" conditionals="6" coveredconditionals="6" methods="7" coveredmethods="7"/>
          <line num="17" count="1" type="stmt"/>
          <line num="18" count="1" type="stmt"/>
          <line num="19" count="1" type="stmt"/>
          <line num="23" count="7" type="stmt"/>
          <line num="24" count="7" type="stmt"/>
          <line num="25" count="7" type="stmt"/>
          <line num="26" count="7" type="stmt"/>
          <line num="27" count="7" type="stmt"/>
          <line num="28" count="7" type="cond" truecount="2" falsecount="0"/>
          <line num="29" count="1" type="stmt"/>
          <line num="31" count="6" type="cond" truecount="2" falsecount="0"/>
          <line num="32" count="1" type="stmt"/>
          <line num="33" count="1" type="stmt"/>
          <line num="35" count="5" type="cond" truecount="2" falsecount="0"/>
          <line num="36" count="4" type="stmt"/>
          <line num="57" count="1" type="stmt"/>
          <line num="63" count="1" type="stmt"/>
          <line num="71" count="1" type="stmt"/>
          <line num="76" count="7" type="stmt"/>
          <line num="92" count="7" type="stmt"/>
          <line num="93" count="1" type="stmt"/>
          <line num="94" count="2" type="stmt"/>
          <line num="95" count="1" type="stmt"/>
          <line num="96" count="1" type="stmt"/>
          <line num="97" count="1" type="stmt"/>
          <line num="109" count="1" type="stmt"/>
        </file>
        <file name="dayHelpers.js" path="D:\sasha\Calendar\src\components\Day\dayHelpers.js">
          <metrics statements="45" coveredstatements="45" conditionals="8" coveredconditionals="8" methods="6" coveredmethods="6"/>
          <line num="4" count="11" type="stmt"/>
          <line num="6" count="8" type="stmt"/>
          <line num="7" count="4" type="stmt"/>
          <line num="8" count="4" type="stmt"/>
          <line num="11" count="8" type="stmt"/>
          <line num="12" count="4" type="stmt"/>
          <line num="13" count="4" type="stmt"/>
          <line num="16" count="8" type="stmt"/>
          <line num="17" count="3" type="stmt"/>
          <line num="18" count="3" type="stmt"/>
          <line num="21" count="8" type="stmt"/>
          <line num="22" count="4" type="cond" truecount="2" falsecount="0"/>
          <line num="23" count="3" type="cond" truecount="2" falsecount="0"/>
          <line num="24" count="2" type="stmt"/>
          <line num="25" count="2" type="stmt"/>
          <line num="26" count="2" type="stmt"/>
          <line num="27" count="2" type="stmt"/>
          <line num="28" count="2" type="stmt"/>
          <line num="29" count="2" type="stmt"/>
          <line num="30" count="2" type="stmt"/>
          <line num="32" count="1" type="stmt"/>
          <line num="33" count="1" type="stmt"/>
          <line num="34" count="1" type="stmt"/>
          <line num="35" count="1" type="stmt"/>
          <line num="36" count="1" type="stmt"/>
          <line num="39" count="1" type="stmt"/>
          <line num="40" count="1" type="stmt"/>
          <line num="41" count="1" type="stmt"/>
          <line num="45" count="8" type="stmt"/>
          <line num="46" count="4" type="stmt"/>
          <line num="47" count="4" type="cond" truecount="2" falsecount="0"/>
          <line num="48" count="3" type="cond" truecount="2" falsecount="0"/>
          <line num="49" count="2" type="stmt"/>
          <line num="50" count="2" type="stmt"/>
          <line num="51" count="2" type="stmt"/>
          <line num="52" count="2" type="stmt"/>
          <line num="53" count="2" type="stmt"/>
          <line num="54" count="2" type="stmt"/>
          <line num="56" count="1" type="stmt"/>
          <line num="57" count="1" type="stmt"/>
          <line num="58" count="1" type="stmt"/>
          <line num="59" count="1" type="stmt"/>
          <line num="62" count="1" type="stmt"/>
          <line num="63" count="1" type="stmt"/>
          <line num="64" count="1" type="stmt"/>
        </file>
        <file name="renderDayBody.js" path="D:\sasha\Calendar\src\components\Day\renderDayBody.js">
          <metrics statements="24" coveredstatements="24" conditionals="4" coveredconditionals="4" methods="7" coveredmethods="7"/>
          <line num="8" count="7" type="stmt"/>
          <line num="9" count="6" type="stmt"/>
          <line num="10" count="6" type="stmt"/>
          <line num="11" count="6" type="stmt"/>
          <line num="12" count="6" type="stmt"/>
          <line num="13" count="6" type="stmt"/>
          <line num="14" count="6" type="cond" truecount="2" falsecount="0"/>
          <line num="15" count="4" type="stmt"/>
          <line num="18" count="6" type="stmt"/>
          <line num="21" count="7" type="stmt"/>
          <line num="23" count="7" type="stmt"/>
          <line num="24" count="2" type="stmt"/>
          <line num="34" count="7" type="stmt"/>
          <line num="36" count="7" type="stmt"/>
          <line num="37" count="1" type="stmt"/>
          <line num="38" count="2" type="stmt"/>
          <line num="39" count="2" type="stmt"/>
          <line num="41" count="1" type="stmt"/>
          <line num="44" count="7" type="stmt"/>
          <line num="45" count="4" type="stmt"/>
          <line num="46" count="4" type="cond" truecount="2" falsecount="0"/>
          <line num="47" count="1" type="stmt"/>
          <line num="48" count="1" type="stmt"/>
          <line num="50" count="3" type="stmt"/>
        </file>
      </package>
      <package name="src.components.Events">
        <metrics statements="52" coveredstatements="37" conditionals="39" coveredconditionals="27" methods="12" coveredmethods="10"/>
        <file name="Events.js" path="D:\sasha\Calendar\src\components\Events\Events.js">
          <metrics statements="52" coveredstatements="37" conditionals="39" coveredconditionals="27" methods="12" coveredmethods="10"/>
          <line num="20" count="4" type="stmt"/>
          <line num="31" count="2" type="stmt"/>
          <line num="32" count="2" type="cond" truecount="2" falsecount="5"/>
          <line num="34" count="0" type="stmt"/>
          <line num="37" count="0" type="stmt"/>
          <line num="40" count="1" type="stmt"/>
          <line num="43" count="0" type="stmt"/>
          <line num="46" count="1" type="stmt"/>
          <line num="49" count="0" type="stmt"/>
          <line num="51" count="0" type="stmt"/>
          <line num="56" count="0" type="stmt"/>
          <line num="57" count="0" type="stmt"/>
          <line num="61" count="0" type="stmt"/>
          <line num="62" count="0" type="stmt"/>
          <line num="63" count="0" type="stmt"/>
          <line num="64" count="0" type="cond" truecount="0" falsecount="2"/>
          <line num="65" count="0" type="stmt"/>
          <line num="66" count="0" type="stmt"/>
          <line num="68" count="0" type="stmt"/>
          <line num="69" count="0" type="stmt"/>
          <line num="74" count="1" type="stmt"/>
          <line num="75" count="1" type="stmt"/>
          <line num="76" count="1" type="stmt"/>
          <line num="77" count="1" type="stmt"/>
          <line num="81" count="1" type="stmt"/>
          <line num="82" count="1" type="stmt"/>
          <line num="83" count="1" type="stmt"/>
          <line num="84" count="1" type="stmt"/>
          <line num="98" count="2" type="stmt"/>
          <line num="99" count="2" type="stmt"/>
          <line num="100" count="2" type="cond" truecount="5" falsecount="0"/>
          <line num="101" count="1" type="stmt"/>
          <line num="103" count="1" type="stmt"/>
          <line num="130" count="8" type="stmt"/>
          <line num="131" count="8" type="stmt"/>
          <line num="132" count="8" type="stmt"/>
          <line num="133" count="8" type="cond" truecount="11" falsecount="0"/>
          <line num="142" count="2" type="stmt"/>
          <line num="144" count="6" type="stmt"/>
          <line num="181" count="1" type="cond" truecount="1" falsecount="1"/>
          <line num="188" count="7" type="stmt"/>
          <line num="214" count="7" type="stmt"/>
          <line num="215" count="4" type="stmt"/>
          <line num="216" count="4" type="stmt"/>
          <line num="217" count="4" type="stmt"/>
          <line num="218" count="4" type="stmt"/>
          <line num="219" count="8" type="stmt"/>
          <line num="220" count="4" type="stmt"/>
          <line num="221" count="4" type="stmt"/>
          <line num="222" count="4" type="stmt"/>
          <line num="223" count="4" type="stmt"/>
          <line num="247" count="4" type="stmt"/>
        </file>
      </package>
      <package name="src.components.Events.helpers">
        <metrics statements="97" coveredstatements="86" conditionals="50" coveredconditionals="24" methods="21" coveredmethods="19"/>
        <file name="EventsSelect.js" path="D:\sasha\Calendar\src\components\Events\helpers\EventsSelect.js">
          <metrics statements="3" coveredstatements="3" conditionals="3" coveredconditionals="1" methods="2" coveredmethods="2"/>
          <line num="6" count="20" type="stmt"/>
          <line num="10" count="564" type="stmt"/>
          <line num="25" count="7" type="stmt"/>
        </file>
        <file name="NameInput.js" path="D:\sasha\Calendar\src\components\Events\helpers\NameInput.js">
          <metrics statements="3" coveredstatements="3" conditionals="3" coveredconditionals="1" methods="1" coveredmethods="1"/>
          <line num="6" count="7" type="stmt"/>
          <line num="11" count="2" type="stmt"/>
          <line num="23" count="7" type="stmt"/>
        </file>
        <file name="eventsFormValidation.js" path="D:\sasha\Calendar\src\components\Events\helpers\eventsFormValidation.js">
          <metrics statements="27" coveredstatements="19" conditionals="18" coveredconditionals="9" methods="2" coveredmethods="2"/>
          <line num="4" count="7" type="stmt"/>
          <line num="5" count="4" type="stmt"/>
          <line num="12" count="4" type="stmt"/>
          <line num="13" count="4" type="stmt"/>
          <line num="14" count="4" type="stmt"/>
          <line num="15" count="4" type="stmt"/>
          <line num="16" count="4" type="stmt"/>
          <line num="17" count="4" type="stmt"/>
          <line num="18" count="4" type="cond" truecount="1" falsecount="1"/>
          <line num="19" count="4" type="cond" truecount="1" falsecount="1"/>
          <line num="20" count="0" type="stmt"/>
          <line num="23" count="0" type="stmt"/>
          <line num="25" count="4" type="stmt"/>
          <line num="28" count="4" type="stmt"/>
          <line num="29" count="4" type="cond" truecount="1" falsecount="1"/>
          <line num="30" count="0" type="stmt"/>
          <line num="32" count="4" type="cond" truecount="1" falsecount="1"/>
          <line num="33" count="0" type="stmt"/>
          <line num="35" count="4" type="cond" truecount="2" falsecount="2"/>
          <line num="36" count="0" type="stmt"/>
          <line num="38" count="4" type="cond" truecount="1" falsecount="1"/>
          <line num="39" count="0" type="stmt"/>
          <line num="41" count="4" type="cond" truecount="1" falsecount="1"/>
          <line num="42" count="0" type="stmt"/>
          <line num="44" count="4" type="cond" truecount="1" falsecount="1"/>
          <line num="45" count="0" type="stmt"/>
          <line num="47" count="4" type="stmt"/>
        </file>
        <file name="eventsHelpers.js" path="D:\sasha\Calendar\src\components\Events\helpers\eventsHelpers.js">
          <metrics statements="16" coveredstatements="15" conditionals="22" coveredconditionals="11" methods="4" coveredmethods="4"/>
          <line num="4" count="8" type="stmt"/>
          <line num="5" count="4" type="stmt"/>
          <line num="6" count="4" type="cond" truecount="1" falsecount="1"/>
          <line num="9" count="8" type="stmt"/>
          <line num="10" count="4" type="cond" truecount="1" falsecount="1"/>
          <line num="11" count="4" type="stmt"/>
          <line num="12" count="4" type="cond" truecount="1" falsecount="1"/>
          <line num="13" count="4" type="stmt"/>
          <line num="28" count="0" type="stmt"/>
          <line num="31" count="8" type="stmt"/>
          <line num="32" count="1" type="stmt"/>
          <line num="33" count="1" type="stmt"/>
          <line num="34" count="1" type="stmt"/>
          <line num="35" count="1" type="stmt"/>
          <line num="36" count="1" type="stmt"/>
          <line num="50" count="1" type="stmt"/>
        </file>
        <file name="eventsSelectConfig.js" path="D:\sasha\Calendar\src\components\Events\helpers\eventsSelectConfig.js">
          <metrics statements="1" coveredstatements="1" conditionals="0" coveredconditionals="0" methods="0" coveredmethods="0"/>
          <line num="4" count="7" type="stmt"/>
        </file>
        <file name="getOptions.js" path="D:\sasha\Calendar\src\components\Events\helpers\getOptions.js">
          <metrics statements="32" coveredstatements="30" conditionals="0" coveredconditionals="0" methods="6" coveredmethods="4"/>
          <line num="3" count="7" type="stmt"/>
          <line num="4" count="0" type="stmt"/>
          <line num="5" count="0" type="stmt"/>
          <line num="13" count="7" type="stmt"/>
          <line num="14" count="14" type="stmt"/>
          <line num="15" count="14" type="stmt"/>
          <line num="16" count="14" type="stmt"/>
          <line num="17" count="196" type="stmt"/>
          <line num="19" count="14" type="stmt"/>
          <line num="22" count="7" type="stmt"/>
          <line num="23" count="14" type="stmt"/>
          <line num="24" count="14" type="stmt"/>
          <line num="25" count="14" type="stmt"/>
          <line num="26" count="14" type="stmt"/>
          <line num="27" count="336" type="stmt"/>
          <line num="28" count="336" type="stmt"/>
          <line num="29" count="336" type="stmt"/>
          <line num="31" count="14" type="stmt"/>
          <line num="34" count="7" type="stmt"/>
          <line num="35" count="14" type="stmt"/>
          <line num="36" count="14" type="stmt"/>
          <line num="37" count="14" type="stmt"/>
          <line num="38" count="14" type="stmt"/>
          <line num="39" count="840" type="stmt"/>
          <line num="40" count="840" type="stmt"/>
          <line num="41" count="840" type="stmt"/>
          <line num="43" count="14" type="stmt"/>
          <line num="46" count="7" type="stmt"/>
          <line num="47" count="14" type="stmt"/>
          <line num="48" count="14" type="stmt"/>
          <line num="49" count="434" type="stmt"/>
          <line num="51" count="14" type="stmt"/>
        </file>
        <file name="renderSelectBlocks.js" path="D:\sasha\Calendar\src\components\Events\helpers\renderSelectBlocks.js">
          <metrics statements="15" coveredstatements="15" conditionals="4" coveredconditionals="2" methods="6" coveredmethods="6"/>
          <line num="9" count="7" type="stmt"/>
          <line num="10" count="8" type="stmt"/>
          <line num="11" count="8" type="stmt"/>
          <line num="12" count="32" type="cond" truecount="1" falsecount="1"/>
          <line num="13" count="32" type="stmt"/>
          <line num="14" count="32" type="stmt"/>
          <line num="15" count="32" type="stmt"/>
          <line num="16" count="32" type="stmt"/>
          <line num="19" count="8" type="stmt"/>
          <line num="22" count="7" type="stmt"/>
          <line num="23" count="24" type="cond" truecount="1" falsecount="1"/>
          <line num="24" count="60" type="stmt"/>
          <line num="30" count="24" type="stmt"/>
          <line num="38" count="7" type="stmt"/>
          <line num="39" count="24" type="stmt"/>
        </file>
      </package>
      <package name="src.components.Modals">
        <metrics statements="6" coveredstatements="6" conditionals="0" coveredconditionals="0" methods="2" coveredmethods="2"/>
        <file name="ConfirmModal.js" path="D:\sasha\Calendar\src\components\Modals\ConfirmModal.js">
          <metrics statements="3" coveredstatements="3" conditionals="0" coveredconditionals="0" methods="1" coveredmethods="1"/>
          <line num="7" count="7" type="stmt"/>
          <line num="8" count="2" type="stmt"/>
          <line num="22" count="7" type="stmt"/>
        </file>
        <file name="SaveModal.js" path="D:\sasha\Calendar\src\components\Modals\SaveModal.js">
          <metrics statements="3" coveredstatements="3" conditionals="0" coveredconditionals="0" methods="1" coveredmethods="1"/>
          <line num="7" count="7" type="stmt"/>
          <line num="8" count="1" type="stmt"/>
          <line num="21" count="7" type="stmt"/>
        </file>
      </package>
      <package name="src.components.Month">
        <metrics statements="167" coveredstatements="167" conditionals="60" coveredconditionals="47" methods="34" coveredmethods="34"/>
        <file name="Month.js" path="D:\sasha\Calendar\src\components\Month\Month.js">
          <metrics statements="24" coveredstatements="24" conditionals="6" coveredconditionals="6" methods="7" coveredmethods="7"/>
          <line num="22" count="1" type="stmt"/>
          <line num="23" count="1" type="stmt"/>
          <line num="24" count="1" type="stmt"/>
          <line num="28" count="10" type="stmt"/>
          <line num="29" count="10" type="stmt"/>
          <line num="30" count="10" type="stmt"/>
          <line num="31" count="10" type="stmt"/>
          <line num="32" count="10" type="cond" truecount="2" falsecount="0"/>
          <line num="33" count="1" type="stmt"/>
          <line num="35" count="9" type="cond" truecount="2" falsecount="0"/>
          <line num="36" count="1" type="stmt"/>
          <line num="37" count="1" type="stmt"/>
          <line num="39" count="8" type="cond" truecount="2" falsecount="0"/>
          <line num="40" count="7" type="stmt"/>
          <line num="62" count="1" type="stmt"/>
          <line num="63" count="1" type="stmt"/>
          <line num="68" count="1" type="stmt"/>
          <line num="72" count="7" type="stmt"/>
          <line num="86" count="7" type="stmt"/>
          <line num="87" count="12" type="stmt"/>
          <line num="88" count="1" type="stmt"/>
          <line num="89" count="1" type="stmt"/>
          <line num="90" count="1" type="stmt"/>
          <line num="102" count="1" type="stmt"/>
        </file>
        <file name="MonthBody.js" path="D:\sasha\Calendar\src\components\Month\MonthBody.js">
          <metrics statements="6" coveredstatements="6" conditionals="0" coveredconditionals="0" methods="1" coveredmethods="1"/>
          <line num="11" count="8" type="stmt"/>
          <line num="12" count="3" type="stmt"/>
          <line num="13" count="3" type="stmt"/>
          <line num="14" count="3" type="stmt"/>
          <line num="15" count="3" type="stmt"/>
          <line num="29" count="8" type="stmt"/>
        </file>
        <file name="getOptions.js" path="D:\sasha\Calendar\src\components\Month\getOptions.js">
          <metrics statements="137" coveredstatements="137" conditionals="54" coveredconditionals="41" methods="26" coveredmethods="26"/>
          <line num="9" count="9" type="stmt"/>
          <line num="10" count="3" type="cond" truecount="2" falsecount="0"/>
          <line num="11" count="1" type="stmt"/>
          <line num="12" count="1" type="stmt"/>
          <line num="13" count="1" type="stmt"/>
          <line num="14" count="1" type="stmt"/>
          <line num="15" count="1" type="stmt"/>
          <line num="17" count="2" type="stmt"/>
          <line num="18" count="2" type="stmt"/>
          <line num="19" count="2" type="stmt"/>
          <line num="20" count="2" type="stmt"/>
          <line num="24" count="9" type="stmt"/>
          <line num="25" count="3" type="cond" truecount="2" falsecount="0"/>
          <line num="26" count="1" type="stmt"/>
          <line num="27" count="1" type="stmt"/>
          <line num="28" count="1" type="stmt"/>
          <line num="29" count="1" type="stmt"/>
          <line num="30" count="1" type="stmt"/>
          <line num="32" count="2" type="stmt"/>
          <line num="33" count="2" type="stmt"/>
          <line num="34" count="2" type="stmt"/>
          <line num="35" count="2" type="stmt"/>
          <line num="39" count="9" type="stmt"/>
          <line num="40" count="10" type="stmt"/>
          <line num="41" count="10" type="cond" truecount="2" falsecount="0"/>
          <line num="42" count="3" type="stmt"/>
          <line num="44" count="10" type="stmt"/>
          <line num="47" count="9" type="stmt"/>
          <line num="48" count="10" type="stmt"/>
          <line num="49" count="10" type="stmt"/>
          <line num="50" count="10" type="stmt"/>
          <line num="51" count="10" type="stmt"/>
          <line num="52" count="40" type="stmt"/>
          <line num="53" count="40" type="stmt"/>
          <line num="55" count="10" type="stmt"/>
          <line num="58" count="9" type="stmt"/>
          <line num="59" count="10" type="stmt"/>
          <line num="60" count="10" type="stmt"/>
          <line num="61" count="10" type="stmt"/>
          <line num="62" count="308" type="stmt"/>
          <line num="64" count="10" type="stmt"/>
          <line num="68" count="9" type="stmt"/>
          <line num="69" count="10" type="stmt"/>
          <line num="70" count="10" type="stmt"/>
          <line num="71" count="10" type="stmt"/>
          <line num="72" count="37" type="stmt"/>
          <line num="74" count="10" type="stmt"/>
          <line num="78" count="9" type="stmt"/>
          <line num="79" count="30" type="stmt"/>
          <line num="80" count="30" type="stmt"/>
          <line num="84" count="9" type="stmt"/>
          <line num="85" count="385" type="cond" truecount="2" falsecount="0"/>
          <line num="86" count="301" type="stmt"/>
          <line num="88" count="84" type="stmt"/>
          <line num="89" count="84" type="stmt"/>
          <line num="90" count="166" type="stmt"/>
          <line num="91" count="166" type="stmt"/>
          <line num="93" count="84" type="stmt"/>
          <line num="97" count="9" type="stmt"/>
          <line num="98" count="273" type="stmt"/>
          <line num="99" count="273" type="stmt"/>
          <line num="100" count="273" type="cond" truecount="2" falsecount="0"/>
          <line num="101" count="84" type="stmt"/>
          <line num="102" count="168" type="cond" truecount="2" falsecount="0"/>
          <line num="103" count="4" type="stmt"/>
          <line num="106" count="84" type="cond" truecount="2" falsecount="0"/>
          <line num="108" count="189" type="stmt"/>
          <line num="111" count="9" type="stmt"/>
          <line num="113" count="9" type="stmt"/>
          <line num="114" count="385" type="stmt"/>
          <line num="115" count="385" type="stmt"/>
          <line num="116" count="385" type="stmt"/>
          <line num="117" count="385" type="cond" truecount="2" falsecount="0"/>
          <line num="118" count="1" type="stmt"/>
          <line num="120" count="385" type="stmt"/>
          <line num="123" count="9" type="stmt"/>
          <line num="124" count="273" type="cond" truecount="2" falsecount="0"/>
          <line num="125" count="273" type="cond" truecount="1" falsecount="1"/>
          <line num="126" count="273" type="stmt"/>
          <line num="127" count="4" type="stmt"/>
          <line num="128" count="4" type="stmt"/>
          <line num="130" count="4" type="stmt"/>
          <line num="134" count="9" type="stmt"/>
          <line num="135" count="273" type="stmt"/>
          <line num="136" count="273" type="stmt"/>
          <line num="137" count="273" type="stmt"/>
          <line num="152" count="9" type="stmt"/>
          <line num="153" count="112" type="stmt"/>
          <line num="154" count="112" type="stmt"/>
          <line num="155" count="112" type="stmt"/>
          <line num="164" count="9" type="stmt"/>
          <line num="165" count="385" type="cond" truecount="2" falsecount="0"/>
          <line num="169" count="30" type="stmt"/>
          <line num="172" count="9" type="stmt"/>
          <line num="173" count="3" type="cond" truecount="1" falsecount="1"/>
          <line num="174" count="3" type="cond" truecount="1" falsecount="1"/>
          <line num="175" count="3" type="cond" truecount="2" falsecount="0"/>
          <line num="176" count="1" type="stmt"/>
          <line num="177" count="1" type="stmt"/>
          <line num="179" count="2" type="stmt"/>
          <line num="181" count="3" type="stmt"/>
          <line num="184" count="9" type="stmt"/>
          <line num="185" count="3" type="cond" truecount="1" falsecount="1"/>
          <line num="186" count="3" type="cond" truecount="1" falsecount="1"/>
          <line num="187" count="3" type="stmt"/>
          <line num="190" count="9" type="stmt"/>
          <line num="191" count="3" type="cond" truecount="1" falsecount="1"/>
          <line num="192" count="3" type="cond" truecount="1" falsecount="1"/>
          <line num="193" count="3" type="cond" truecount="2" falsecount="0"/>
          <line num="194" count="1" type="stmt"/>
          <line num="195" count="1" type="stmt"/>
          <line num="197" count="2" type="stmt"/>
          <line num="199" count="3" type="stmt"/>
          <line num="202" count="9" type="stmt"/>
          <line num="203" count="10" type="stmt"/>
          <line num="204" count="70" type="stmt"/>
          <line num="205" count="10" type="stmt"/>
          <line num="208" count="9" type="stmt"/>
          <line num="209" count="7" type="cond" truecount="1" falsecount="1"/>
          <line num="210" count="7" type="cond" truecount="1" falsecount="1"/>
          <line num="211" count="7" type="cond" truecount="2" falsecount="0"/>
          <line num="212" count="3" type="stmt"/>
          <line num="213" count="3" type="stmt"/>
          <line num="215" count="4" type="stmt"/>
          <line num="217" count="7" type="stmt"/>
          <line num="220" count="9" type="stmt"/>
          <line num="221" count="7" type="cond" truecount="1" falsecount="1"/>
          <line num="222" count="7" type="cond" truecount="1" falsecount="1"/>
          <line num="223" count="7" type="stmt"/>
          <line num="226" count="9" type="stmt"/>
          <line num="227" count="7" type="cond" truecount="1" falsecount="1"/>
          <line num="228" count="7" type="cond" truecount="1" falsecount="1"/>
          <line num="229" count="7" type="cond" truecount="2" falsecount="0"/>
          <line num="230" count="1" type="stmt"/>
          <line num="231" count="1" type="stmt"/>
          <line num="233" count="6" type="stmt"/>
          <line num="235" count="7" type="stmt"/>
        </file>
      </package>
      <package name="src.components.Year">
        <metrics statements="32" coveredstatements="32" conditionals="6" coveredconditionals="6" methods="9" coveredmethods="9"/>
        <file name="Year.js" path="D:\sasha\Calendar\src\components\Year\Year.js">
          <metrics statements="32" coveredstatements="32" conditionals="6" coveredconditionals="6" methods="9" coveredmethods="9"/>
          <line num="16" count="1" type="stmt"/>
          <line num="17" count="1" type="stmt"/>
          <line num="18" count="1" type="stmt"/>
          <line num="22" count="1" type="stmt"/>
          <line num="23" count="1" type="stmt"/>
          <line num="24" count="1" type="stmt"/>
          <line num="25" count="1" type="stmt"/>
          <line num="26" count="1" type="stmt"/>
          <line num="30" count="1" type="stmt"/>
          <line num="31" count="1" type="stmt"/>
          <line num="32" count="1" type="stmt"/>
          <line num="33" count="1" type="stmt"/>
          <line num="34" count="1" type="stmt"/>
          <line num="38" count="5" type="stmt"/>
          <line num="39" count="60" type="stmt"/>
          <line num="40" count="60" type="stmt"/>
          <line num="41" count="60" type="stmt"/>
          <line num="48" count="1" type="stmt"/>
          <line num="57" count="8" type="stmt"/>
          <line num="58" count="8" type="cond" truecount="2" falsecount="0"/>
          <line num="59" count="1" type="stmt"/>
          <line num="61" count="7" type="cond" truecount="2" falsecount="0"/>
          <line num="62" count="1" type="stmt"/>
          <line num="63" count="1" type="stmt"/>
          <line num="65" count="6" type="cond" truecount="2" falsecount="0"/>
          <line num="66" count="5" type="stmt"/>
          <line num="78" count="1" type="stmt"/>
          <line num="83" count="7" type="stmt"/>
          <line num="95" count="7" type="stmt"/>
          <line num="96" count="1" type="stmt"/>
          <line num="97" count="1" type="stmt"/>
          <line num="107" count="1" type="stmt"/>
        </file>
      </package>
      <package name="src.constants">
        <metrics statements="22" coveredstatements="22" conditionals="0" coveredconditionals="0" methods="0" coveredmethods="0"/>
        <file name="Day.js" path="D:\sasha\Calendar\src\constants\Day.js">
          <metrics statements="1" coveredstatements="1" conditionals="0" coveredconditionals="0" methods="0" coveredmethods="0"/>
          <line num="1" count="9" type="stmt"/>
        </file>
        <file name="Events.js" path="D:\sasha\Calendar\src\constants\Events.js">
          <metrics statements="19" coveredstatements="19" conditionals="0" coveredconditionals="0" methods="0" coveredmethods="0"/>
          <line num="1" count="12" type="stmt"/>
          <line num="2" count="12" type="stmt"/>
          <line num="3" count="12" type="stmt"/>
          <line num="4" count="12" type="stmt"/>
          <line num="5" count="12" type="stmt"/>
          <line num="6" count="12" type="stmt"/>
          <line num="7" count="12" type="stmt"/>
          <line num="8" count="12" type="stmt"/>
          <line num="9" count="12" type="stmt"/>
          <line num="10" count="12" type="stmt"/>
          <line num="11" count="12" type="stmt"/>
          <line num="12" count="12" type="stmt"/>
          <line num="13" count="12" type="stmt"/>
          <line num="14" count="12" type="stmt"/>
          <line num="15" count="12" type="stmt"/>
          <line num="16" count="12" type="stmt"/>
          <line num="17" count="12" type="stmt"/>
          <line num="18" count="12" type="stmt"/>
          <line num="19" count="12" type="stmt"/>
        </file>
        <file name="Month.js" path="D:\sasha\Calendar\src\constants\Month.js">
          <metrics statements="1" coveredstatements="1" conditionals="0" coveredconditionals="0" methods="0" coveredmethods="0"/>
          <line num="1" count="9" type="stmt"/>
        </file>
        <file name="Year.js" path="D:\sasha\Calendar\src\constants\Year.js">
          <metrics statements="1" coveredstatements="1" conditionals="0" coveredconditionals="0" methods="0" coveredmethods="0"/>
          <line num="1" count="9" type="stmt"/>
        </file>
      </package>
      <package name="src.containers">
        <metrics statements="4" coveredstatements="4" conditionals="2" coveredconditionals="1" methods="2" coveredmethods="2"/>
        <file name="App.js" path="D:\sasha\Calendar\src\containers\App.js">
          <metrics statements="4" coveredstatements="4" conditionals="2" coveredconditionals="1" methods="2" coveredmethods="2"/>
          <line num="12" count="2" type="stmt"/>
          <line num="13" count="2" type="stmt"/>
          <line num="22" count="7" type="stmt"/>
          <line num="26" count="7" type="stmt"/>
        </file>
      </package>
      <package name="src.reducers">
        <metrics statements="11" coveredstatements="11" conditionals="12" coveredconditionals="12" methods="3" coveredmethods="3"/>
        <file name="day.js" path="D:\sasha\Calendar\src\reducers\day.js">
          <metrics statements="4" coveredstatements="4" conditionals="4" coveredconditionals="4" methods="1" coveredmethods="1"/>
          <line num="3" count="8" type="stmt"/>
          <line num="8" count="28" type="cond" truecount="2" falsecount="0"/>
          <line num="10" count="2" type="stmt"/>
          <line num="12" count="26" type="stmt"/>
        </file>
        <file name="index.js" path="D:\sasha\Calendar\src\reducers\index.js">
          <metrics statements="0" coveredstatements="0" conditionals="0" coveredconditionals="0" methods="0" coveredmethods="0"/>
        </file>
        <file name="month.js" path="D:\sasha\Calendar\src\reducers\month.js">
          <metrics statements="3" coveredstatements="3" conditionals="4" coveredconditionals="4" methods="1" coveredmethods="1"/>
          <line num="4" count="28" type="cond" truecount="2" falsecount="0"/>
          <line num="6" count="2" type="stmt"/>
          <line num="8" count="26" type="stmt"/>
        </file>
        <file name="year.js" path="D:\sasha\Calendar\src\reducers\year.js">
          <metrics statements="4" coveredstatements="4" conditionals="4" coveredconditionals="4" methods="1" coveredmethods="1"/>
          <line num="4" count="8" type="stmt"/>
          <line num="9" count="28" type="cond" truecount="2" falsecount="0"/>
          <line num="11" count="2" type="stmt"/>
          <line num="13" count="26" type="stmt"/>
        </file>
      </package>
      <package name="src.reducers.events">
        <metrics statements="33" coveredstatements="33" conditionals="33" coveredconditionals="33" methods="5" coveredmethods="5"/>
        <file name="addEvent.js" path="D:\sasha\Calendar\src\reducers\events\addEvent.js">
          <metrics statements="7" coveredstatements="7" conditionals="7" coveredconditionals="7" methods="1" coveredmethods="1"/>
          <line num="8" count="8" type="stmt"/>
          <line num="15" count="32" type="cond" truecount="5" falsecount="0"/>
          <line num="17" count="1" type="stmt"/>
          <line num="23" count="1" type="stmt"/>
          <line num="30" count="1" type="stmt"/>
          <line num="38" count="1" type="stmt"/>
          <line num="46" count="28" type="stmt"/>
        </file>
        <file name="confirmModal.js" path="D:\sasha\Calendar\src\reducers\events\confirmModal.js">
          <metrics statements="4" coveredstatements="4" conditionals="4" coveredconditionals="4" methods="1" coveredmethods="1"/>
          <line num="3" count="8" type="stmt"/>
          <line num="8" count="26" type="cond" truecount="2" falsecount="0"/>
          <line num="11" count="1" type="stmt"/>
          <line num="16" count="25" type="stmt"/>
        </file>
        <file name="getEvents.js" path="D:\sasha\Calendar\src\reducers\events\getEvents.js">
          <metrics statements="8" coveredstatements="8" conditionals="8" coveredconditionals="8" methods="1" coveredmethods="1"/>
          <line num="9" count="8" type="stmt"/>
          <line num="18" count="36" type="cond" truecount="6" falsecount="0"/>
          <line num="20" count="1" type="stmt"/>
          <line num="27" count="2" type="stmt"/>
          <line num="35" count="1" type="stmt"/>
          <line num="43" count="1" type="stmt"/>
          <line num="49" count="1" type="stmt"/>
          <line num="55" count="30" type="stmt"/>
        </file>
        <file name="removeEvent.js" path="D:\sasha\Calendar\src\reducers\events\removeEvent.js">
          <metrics statements="7" coveredstatements="7" conditionals="7" coveredconditionals="7" methods="1" coveredmethods="1"/>
          <line num="8" count="8" type="stmt"/>
          <line num="15" count="32" type="cond" truecount="5" falsecount="0"/>
          <line num="17" count="1" type="stmt"/>
          <line num="23" count="1" type="stmt"/>
          <line num="30" count="1" type="stmt"/>
          <line num="38" count="1" type="stmt"/>
          <line num="46" count="28" type="stmt"/>
        </file>
        <file name="updateEvent.js" path="D:\sasha\Calendar\src\reducers\events\updateEvent.js">
          <metrics statements="7" coveredstatements="7" conditionals="7" coveredconditionals="7" methods="1" coveredmethods="1"/>
          <line num="8" count="8" type="stmt"/>
          <line num="15" count="32" type="cond" truecount="5" falsecount="0"/>
          <line num="17" count="1" type="stmt"/>
          <line num="24" count="1" type="stmt"/>
          <line num="31" count="1" type="stmt"/>
          <line num="39" count="1" type="stmt"/>
          <line num="47" count="28" type="stmt"/>
        </file>
      </package>
      <package name="src.services">
        <metrics statements="19" coveredstatements="17" conditionals="4" coveredconditionals="4" methods="6" coveredmethods="5"/>
        <file name="localStorage.js" path="D:\sasha\Calendar\src\services\localStorage.js">
          <metrics statements="12" coveredstatements="10" conditionals="2" coveredconditionals="2" methods="2" coveredmethods="2"/>
          <line num="1" count="7" type="stmt"/>
          <line num="2" count="4" type="stmt"/>
          <line num="3" count="4" type="stmt"/>
          <line num="4" count="4" type="cond" truecount="2" falsecount="0"/>
          <line num="5" count="2" type="stmt"/>
          <line num="7" count="2" type="stmt"/>
          <line num="9" count="0" type="stmt"/>
          <line num="13" count="7" type="stmt"/>
          <line num="14" count="3" type="stmt"/>
          <line num="15" count="3" type="stmt"/>
          <line num="16" count="3" type="stmt"/>
          <line num="18" count="0" type="stmt"/>
        </file>
        <file name="mockRequest.js" path="D:\sasha\Calendar\src\services\mockRequest.js">
          <metrics statements="7" coveredstatements="7" conditionals="2" coveredconditionals="2" methods="4" coveredmethods="3"/>
          <line num="1" count="7" type="stmt"/>
          <line num="4" count="7" type="stmt"/>
          <line num="8" count="8" type="stmt"/>
          <line num="9" count="8" type="stmt"/>
          <line num="10" count="8" type="cond" truecount="2" falsecount="0"/>
          <line num="11" count="4" type="stmt"/>
          <line num="13" count="4" type="stmt"/>
        </file>
      </package>
      <package name="src.store">
        <metrics statements="6" coveredstatements="3" conditionals="2" coveredconditionals="1" methods="2" coveredmethods="1"/>
        <file name="configureStore.js" path="D:\sasha\Calendar\src\store\configureStore.js">
          <metrics statements="6" coveredstatements="3" conditionals="2" coveredconditionals="1" methods="2" coveredmethods="1"/>
          <line num="8" count="7" type="stmt"/>
          <line num="13" count="7" type="cond" truecount="1" falsecount="1"/>
          <line num="14" count="0" type="stmt"/>
          <line num="15" count="0" type="stmt"/>
          <line num="16" count="0" type="stmt"/>
          <line num="20" count="7" type="stmt"/>
        </file>
      </package>
    </metrics>
  </project>
</coverage>
