{"D:\\sasha\\Calendar\\src\\constants.js": {"path":"D:\\sasha\\Calendar\\src\\constants.js","statementMap":{"0":{"start":{"line":1,"column":22},"end":{"line":1,"column":144}},"1":{"start":{"line":2,"column":28},"end":{"line":2,"column":77}}},"fnMap":{},"branchMap":{},"s":{"0":11,"1":11},"f":{},"b":{},"_coverageSchema":"332fd63041d2c1bcb487cc26dd0d5f7d97098a6c","hash":"1e9e2cc7873827b6afdff462a8b055fa8489194c"}
,"D:\\sasha\\Calendar\\src\\index.js": {"path":"D:\\sasha\\Calendar\\src\\index.js","statementMap":{"0":{"start":{"line":10,"column":14},"end":{"line":10,"column":30}},"1":{"start":{"line":14,"column":0},"end":{"line":21,"column":2}}},"fnMap":{},"branchMap":{"0":{"loc":{"start":{"line":20,"column":2},"end":{"line":20,"column":66}},"type":"binary-expr","locations":[{"start":{"line":20,"column":2},"end":{"line":20,"column":33}},{"start":{"line":20,"column":37},"end":{"line":20,"column":66}}],"line":20}},"s":{"0":7,"1":7},"f":{},"b":{"0":[7,7]},"_coverageSchema":"332fd63041d2c1bcb487cc26dd0d5f7d97098a6c","hash":"1bcc239f897c290fe7325053aa0165564824de2f"}
,"D:\\sasha\\Calendar\\src\\router.js": {"path":"D:\\sasha\\Calendar\\src\\router.js","statementMap":{"0":{"start":{"line":8,"column":15},"end":{"line":48,"column":30}},"1":{"start":{"line":9,"column":3},"end":{"line":48,"column":29}},"2":{"start":{"line":26,"column":10},"end":{"line":33,"column":12}},"3":{"start":{"line":38,"column":10},"end":{"line":46,"column":12}}},"fnMap":{"0":{"name":"(anonymous_0)","decl":{"start":{"line":8,"column":15},"end":{"line":8,"column":16}},"loc":{"start":{"line":9,"column":3},"end":{"line":48,"column":29}},"line":9},"1":{"name":"(anonymous_1)","decl":{"start":{"line":25,"column":16},"end":{"line":25,"column":17}},"loc":{"start":{"line":26,"column":10},"end":{"line":33,"column":12}},"line":26},"2":{"name":"(anonymous_2)","decl":{"start":{"line":37,"column":16},"end":{"line":37,"column":17}},"loc":{"start":{"line":38,"column":10},"end":{"line":46,"column":12}},"line":38}},"branchMap":{},"s":{"0":7,"1":1,"2":0,"3":0},"f":{"0":1,"1":0,"2":0},"b":{},"_coverageSchema":"332fd63041d2c1bcb487cc26dd0d5f7d97098a6c","hash":"b24d2865e6a0e936e90719c007dda9c98ab138de"}
,"D:\\sasha\\Calendar\\src\\actions\\DayActions.js": {"path":"D:\\sasha\\Calendar\\src\\actions\\DayActions.js","statementMap":{"0":{"start":{"line":4,"column":2},"end":{"line":7,"column":4}}},"fnMap":{"0":{"name":"setDay","decl":{"start":{"line":3,"column":16},"end":{"line":3,"column":22}},"loc":{"start":{"line":3,"column":28},"end":{"line":8,"column":1}},"line":3}},"branchMap":{},"s":{"0":1},"f":{"0":1},"b":{},"_coverageSchema":"332fd63041d2c1bcb487cc26dd0d5f7d97098a6c","hash":"5fc9764b921ae92f45f48c86d37db80cf3180a62"}
,"D:\\sasha\\Calendar\\src\\actions\\EventActions.js": {"path":"D:\\sasha\\Calendar\\src\\actions\\EventActions.js","statementMap":{"0":{"start":{"line":25,"column":17},"end":{"line":28,"column":1}},"1":{"start":{"line":26,"column":16},"end":{"line":26,"column":47}},"2":{"start":{"line":27,"column":2},"end":{"line":27,"column":15}},"3":{"start":{"line":31,"column":2},"end":{"line":46,"column":4}},"4":{"start":{"line":32,"column":4},"end":{"line":32,"column":42}},"5":{"start":{"line":33,"column":4},"end":{"line":45,"column":9}},"6":{"start":{"line":34,"column":20},"end":{"line":34,"column":30}},"7":{"start":{"line":35,"column":30},"end":{"line":35,"column":52}},"8":{"start":{"line":36,"column":24},"end":{"line":36,"column":106}},"9":{"start":{"line":36,"column":53},"end":{"line":36,"column":90}},"10":{"start":{"line":37,"column":17},"end":{"line":37,"column":44}},"11":{"start":{"line":38,"column":6},"end":{"line":38,"column":68}},"12":{"start":{"line":39,"column":6},"end":{"line":39,"column":64}},"13":{"start":{"line":40,"column":6},"end":{"line":40,"column":34}},"14":{"start":{"line":41,"column":6},"end":{"line":41,"column":46}},"15":{"start":{"line":44,"column":8},"end":{"line":44,"column":62}},"16":{"start":{"line":50,"column":2},"end":{"line":67,"column":4}},"17":{"start":{"line":51,"column":4},"end":{"line":51,"column":45}},"18":{"start":{"line":52,"column":4},"end":{"line":66,"column":9}},"19":{"start":{"line":53,"column":20},"end":{"line":53,"column":30}},"20":{"start":{"line":54,"column":30},"end":{"line":54,"column":52}},"21":{"start":{"line":55,"column":24},"end":{"line":55,"column":92}},"22":{"start":{"line":55,"column":53},"end":{"line":55,"column":90}},"23":{"start":{"line":56,"column":20},"end":{"line":56,"column":65}},"24":{"start":{"line":56,"column":49},"end":{"line":56,"column":64}},"25":{"start":{"line":57,"column":6},"end":{"line":57,"column":33}},"26":{"start":{"line":58,"column":6},"end":{"line":58,"column":68}},"27":{"start":{"line":59,"column":6},"end":{"line":59,"column":34}},"28":{"start":{"line":60,"column":6},"end":{"line":60,"column":66}},"29":{"start":{"line":61,"column":6},"end":{"line":61,"column":49}},"30":{"start":{"line":64,"column":8},"end":{"line":64,"column":68}},"31":{"start":{"line":65,"column":8},"end":{"line":65,"column":65}},"32":{"start":{"line":71,"column":2},"end":{"line":90,"column":4}},"33":{"start":{"line":72,"column":4},"end":{"line":72,"column":45}},"34":{"start":{"line":73,"column":4},"end":{"line":89,"column":9}},"35":{"start":{"line":74,"column":20},"end":{"line":74,"column":30}},"36":{"start":{"line":75,"column":30},"end":{"line":75,"column":52}},"37":{"start":{"line":76,"column":24},"end":{"line":82,"column":8}},"38":{"start":{"line":77,"column":8},"end":{"line":81,"column":9}},"39":{"start":{"line":78,"column":10},"end":{"line":78,"column":26}},"40":{"start":{"line":80,"column":10},"end":{"line":80,"column":57}},"41":{"start":{"line":83,"column":6},"end":{"line":83,"column":68}},"42":{"start":{"line":84,"column":6},"end":{"line":84,"column":34}},"43":{"start":{"line":85,"column":6},"end":{"line":85,"column":49}},"44":{"start":{"line":88,"column":8},"end":{"line":88,"column":65}},"45":{"start":{"line":95,"column":2},"end":{"line":108,"column":4}},"46":{"start":{"line":96,"column":4},"end":{"line":96,"column":43}},"47":{"start":{"line":97,"column":4},"end":{"line":107,"column":9}},"48":{"start":{"line":98,"column":23},"end":{"line":98,"column":54}},"49":{"start":{"line":99,"column":24},"end":{"line":99,"column":49}},"50":{"start":{"line":100,"column":6},"end":{"line":100,"column":60}},"51":{"start":{"line":101,"column":6},"end":{"line":101,"column":63}},"52":{"start":{"line":102,"column":6},"end":{"line":102,"column":63}},"53":{"start":{"line":103,"column":6},"end":{"line":103,"column":67}},"54":{"start":{"line":106,"column":8},"end":{"line":106,"column":64}},"55":{"start":{"line":112,"column":2},"end":{"line":115,"column":4}}},"fnMap":{"0":{"name":"(anonymous_0)","decl":{"start":{"line":25,"column":17},"end":{"line":25,"column":18}},"loc":{"start":{"line":25,"column":23},"end":{"line":28,"column":1}},"line":25},"1":{"name":"addEvent","decl":{"start":{"line":30,"column":16},"end":{"line":30,"column":24}},"loc":{"start":{"line":30,"column":32},"end":{"line":47,"column":1}},"line":30},"2":{"name":"(anonymous_2)","decl":{"start":{"line":31,"column":9},"end":{"line":31,"column":10}},"loc":{"start":{"line":31,"column":23},"end":{"line":46,"column":3}},"line":31},"3":{"name":"(anonymous_3)","decl":{"start":{"line":33,"column":30},"end":{"line":33,"column":31}},"loc":{"start":{"line":33,"column":36},"end":{"line":42,"column":5}},"line":33},"4":{"name":"(anonymous_4)","decl":{"start":{"line":36,"column":44},"end":{"line":36,"column":45}},"loc":{"start":{"line":36,"column":53},"end":{"line":36,"column":90}},"line":36},"5":{"name":"(anonymous_5)","decl":{"start":{"line":43,"column":13},"end":{"line":43,"column":14}},"loc":{"start":{"line":43,"column":19},"end":{"line":45,"column":7}},"line":43},"6":{"name":"removeEvent","decl":{"start":{"line":49,"column":16},"end":{"line":49,"column":27}},"loc":{"start":{"line":49,"column":32},"end":{"line":68,"column":1}},"line":49},"7":{"name":"(anonymous_7)","decl":{"start":{"line":50,"column":9},"end":{"line":50,"column":10}},"loc":{"start":{"line":50,"column":23},"end":{"line":67,"column":3}},"line":50},"8":{"name":"(anonymous_8)","decl":{"start":{"line":52,"column":30},"end":{"line":52,"column":31}},"loc":{"start":{"line":52,"column":36},"end":{"line":62,"column":5}},"line":52},"9":{"name":"(anonymous_9)","decl":{"start":{"line":55,"column":44},"end":{"line":55,"column":45}},"loc":{"start":{"line":55,"column":53},"end":{"line":55,"column":90}},"line":55},"10":{"name":"(anonymous_10)","decl":{"start":{"line":56,"column":40},"end":{"line":56,"column":41}},"loc":{"start":{"line":56,"column":49},"end":{"line":56,"column":64}},"line":56},"11":{"name":"(anonymous_11)","decl":{"start":{"line":63,"column":13},"end":{"line":63,"column":14}},"loc":{"start":{"line":63,"column":19},"end":{"line":66,"column":7}},"line":63},"12":{"name":"updateEvent","decl":{"start":{"line":70,"column":16},"end":{"line":70,"column":27}},"loc":{"start":{"line":70,"column":38},"end":{"line":91,"column":1}},"line":70},"13":{"name":"(anonymous_13)","decl":{"start":{"line":71,"column":9},"end":{"line":71,"column":10}},"loc":{"start":{"line":71,"column":23},"end":{"line":90,"column":3}},"line":71},"14":{"name":"(anonymous_14)","decl":{"start":{"line":73,"column":30},"end":{"line":73,"column":31}},"loc":{"start":{"line":73,"column":36},"end":{"line":86,"column":5}},"line":73},"15":{"name":"(anonymous_15)","decl":{"start":{"line":76,"column":44},"end":{"line":76,"column":45}},"loc":{"start":{"line":76,"column":54},"end":{"line":82,"column":7}},"line":76},"16":{"name":"(anonymous_16)","decl":{"start":{"line":87,"column":13},"end":{"line":87,"column":14}},"loc":{"start":{"line":87,"column":19},"end":{"line":89,"column":7}},"line":87},"17":{"name":"getEvents","decl":{"start":{"line":94,"column":16},"end":{"line":94,"column":25}},"loc":{"start":{"line":94,"column":28},"end":{"line":109,"column":1}},"line":94},"18":{"name":"(anonymous_18)","decl":{"start":{"line":95,"column":9},"end":{"line":95,"column":10}},"loc":{"start":{"line":95,"column":23},"end":{"line":108,"column":3}},"line":95},"19":{"name":"(anonymous_19)","decl":{"start":{"line":97,"column":30},"end":{"line":97,"column":31}},"loc":{"start":{"line":97,"column":36},"end":{"line":104,"column":5}},"line":97},"20":{"name":"(anonymous_20)","decl":{"start":{"line":105,"column":13},"end":{"line":105,"column":14}},"loc":{"start":{"line":105,"column":24},"end":{"line":107,"column":7}},"line":105},"21":{"name":"setConfirmModalState","decl":{"start":{"line":111,"column":16},"end":{"line":111,"column":36}},"loc":{"start":{"line":111,"column":44},"end":{"line":116,"column":1}},"line":111}},"branchMap":{"0":{"loc":{"start":{"line":26,"column":16},"end":{"line":26,"column":47}},"type":"binary-expr","locations":[{"start":{"line":26,"column":16},"end":{"line":26,"column":27}},{"start":{"line":26,"column":31},"end":{"line":26,"column":47}}],"line":26},"1":{"loc":{"start":{"line":77,"column":8},"end":{"line":81,"column":9}},"type":"if","locations":[{"start":{"line":77,"column":8},"end":{"line":81,"column":9}},{"start":{"line":77,"column":8},"end":{"line":81,"column":9}}],"line":77},"2":{"loc":{"start":{"line":98,"column":23},"end":{"line":98,"column":54}},"type":"binary-expr","locations":[{"start":{"line":98,"column":23},"end":{"line":98,"column":34}},{"start":{"line":98,"column":38},"end":{"line":98,"column":54}}],"line":98}},"s":{"0":7,"1":3,"2":3,"3":2,"4":2,"5":2,"6":1,"7":1,"8":1,"9":0,"10":1,"11":1,"12":1,"13":1,"14":1,"15":1,"16":2,"17":2,"18":2,"19":1,"20":1,"21":1,"22":0,"23":1,"24":0,"25":1,"26":1,"27":1,"28":1,"29":1,"30":1,"31":1,"32":2,"33":2,"34":2,"35":1,"36":1,"37":1,"38":0,"39":0,"40":0,"41":1,"42":1,"43":1,"44":1,"45":5,"46":2,"47":2,"48":1,"49":1,"50":1,"51":1,"52":1,"53":1,"54":1,"55":1},"f":{"0":3,"1":2,"2":2,"3":1,"4":0,"5":1,"6":2,"7":2,"8":1,"9":0,"10":0,"11":1,"12":2,"13":2,"14":1,"15":0,"16":1,"17":5,"18":2,"19":1,"20":1,"21":1},"b":{"0":[3,1],"1":[0,0],"2":[1,1]},"_coverageSchema":"332fd63041d2c1bcb487cc26dd0d5f7d97098a6c","hash":"75e66965f7bef609861eea622d2810a67216b0fd"}
,"D:\\sasha\\Calendar\\src\\actions\\MonthActions.js": {"path":"D:\\sasha\\Calendar\\src\\actions\\MonthActions.js","statementMap":{"0":{"start":{"line":4,"column":2},"end":{"line":7,"column":4}}},"fnMap":{"0":{"name":"setMonth","decl":{"start":{"line":3,"column":16},"end":{"line":3,"column":24}},"loc":{"start":{"line":3,"column":32},"end":{"line":8,"column":1}},"line":3}},"branchMap":{},"s":{"0":1},"f":{"0":1},"b":{},"_coverageSchema":"332fd63041d2c1bcb487cc26dd0d5f7d97098a6c","hash":"bd0dcdbe5a5b0c76905b193244a2466dc2ec0b43"}
,"D:\\sasha\\Calendar\\src\\actions\\YearActions.js": {"path":"D:\\sasha\\Calendar\\src\\actions\\YearActions.js","statementMap":{"0":{"start":{"line":4,"column":2},"end":{"line":7,"column":4}}},"fnMap":{"0":{"name":"setYear","decl":{"start":{"line":3,"column":16},"end":{"line":3,"column":23}},"loc":{"start":{"line":3,"column":30},"end":{"line":8,"column":1}},"line":3}},"branchMap":{},"s":{"0":1},"f":{"0":1},"b":{},"_coverageSchema":"332fd63041d2c1bcb487cc26dd0d5f7d97098a6c","hash":"553db2cdfe1f67027fff723744d3e6d51b7fdd40"}
,"D:\\sasha\\Calendar\\src\\components\\Day\\Day.js": {"path":"D:\\sasha\\Calendar\\src\\components\\Day\\Day.js","statementMap":{"0":{"start":{"line":17,"column":26},"end":{"line":17,"column":49}},"1":{"start":{"line":18,"column":23},"end":{"line":18,"column":33}},"2":{"start":{"line":19,"column":4},"end":{"line":19,"column":22}},"3":{"start":{"line":23,"column":94},"end":{"line":23,"column":104}},"4":{"start":{"line":24,"column":25},"end":{"line":24,"column":48}},"5":{"start":{"line":25,"column":24},"end":{"line":25,"column":46}},"6":{"start":{"line":26,"column":23},"end":{"line":26,"column":44}},"7":{"start":{"line":27,"column":18},"end":{"line":27,"column":25}},"8":{"start":{"line":28,"column":4},"end":{"line":30,"column":5}},"9":{"start":{"line":29,"column":6},"end":{"line":29,"column":38}},"10":{"start":{"line":31,"column":4},"end":{"line":34,"column":5}},"11":{"start":{"line":32,"column":6},"end":{"line":32,"column":39}},"12":{"start":{"line":33,"column":6},"end":{"line":33,"column":48}},"13":{"start":{"line":35,"column":4},"end":{"line":70,"column":5}},"14":{"start":{"line":36,"column":6},"end":{"line":69,"column":8}},"15":{"start":{"line":57,"column":29},"end":{"line":57,"column":97}},"16":{"start":{"line":63,"column":29},"end":{"line":63,"column":93}},"17":{"start":{"line":71,"column":4},"end":{"line":71,"column":16}},"18":{"start":{"line":76,"column":0},"end":{"line":89,"column":2}},"19":{"start":{"line":92,"column":24},"end":{"line":106,"column":1}},"20":{"start":{"line":93,"column":17},"end":{"line":93,"column":50}},"21":{"start":{"line":94,"column":19},"end":{"line":94,"column":78}},"22":{"start":{"line":94,"column":40},"end":{"line":94,"column":77}},"23":{"start":{"line":95,"column":17},"end":{"line":95,"column":41}},"24":{"start":{"line":96,"column":18},"end":{"line":96,"column":52}},"25":{"start":{"line":97,"column":2},"end":{"line":105,"column":4}},"26":{"start":{"line":109,"column":2},"end":{"line":114,"column":4}}},"fnMap":{"0":{"name":"(anonymous_0)","decl":{"start":{"line":16,"column":2},"end":{"line":16,"column":3}},"loc":{"start":{"line":16,"column":22},"end":{"line":20,"column":3}},"line":16},"1":{"name":"(anonymous_1)","decl":{"start":{"line":22,"column":2},"end":{"line":22,"column":3}},"loc":{"start":{"line":22,"column":11},"end":{"line":72,"column":3}},"line":22},"2":{"name":"(anonymous_2)","decl":{"start":{"line":57,"column":23},"end":{"line":57,"column":24}},"loc":{"start":{"line":57,"column":29},"end":{"line":57,"column":97}},"line":57},"3":{"name":"(anonymous_3)","decl":{"start":{"line":63,"column":23},"end":{"line":63,"column":24}},"loc":{"start":{"line":63,"column":29},"end":{"line":63,"column":93}},"line":63},"4":{"name":"(anonymous_4)","decl":{"start":{"line":92,"column":24},"end":{"line":92,"column":25}},"loc":{"start":{"line":92,"column":45},"end":{"line":106,"column":1}},"line":92},"5":{"name":"(anonymous_5)","decl":{"start":{"line":94,"column":31},"end":{"line":94,"column":32}},"loc":{"start":{"line":94,"column":40},"end":{"line":94,"column":77}},"line":94},"6":{"name":"mapDispatchToProps","decl":{"start":{"line":108,"column":9},"end":{"line":108,"column":27}},"loc":{"start":{"line":108,"column":38},"end":{"line":115,"column":1}},"line":108}},"branchMap":{"0":{"loc":{"start":{"line":28,"column":4},"end":{"line":30,"column":5}},"type":"if","locations":[{"start":{"line":28,"column":4},"end":{"line":30,"column":5}},{"start":{"line":28,"column":4},"end":{"line":30,"column":5}}],"line":28},"1":{"loc":{"start":{"line":31,"column":4},"end":{"line":34,"column":5}},"type":"if","locations":[{"start":{"line":31,"column":4},"end":{"line":34,"column":5}},{"start":{"line":31,"column":4},"end":{"line":34,"column":5}}],"line":31},"2":{"loc":{"start":{"line":35,"column":4},"end":{"line":70,"column":5}},"type":"if","locations":[{"start":{"line":35,"column":4},"end":{"line":70,"column":5}},{"start":{"line":35,"column":4},"end":{"line":70,"column":5}}],"line":35}},"s":{"0":1,"1":1,"2":1,"3":7,"4":7,"5":7,"6":7,"7":7,"8":7,"9":1,"10":6,"11":1,"12":1,"13":5,"14":4,"15":1,"16":1,"17":1,"18":7,"19":7,"20":1,"21":1,"22":2,"23":1,"24":1,"25":1,"26":1},"f":{"0":1,"1":7,"2":1,"3":1,"4":1,"5":2,"6":1},"b":{"0":[1,6],"1":[1,5],"2":[4,1]},"_coverageSchema":"332fd63041d2c1bcb487cc26dd0d5f7d97098a6c","hash":"b26cd57b4744e3a788c2e70c39cbdc64ecc0ae62"}
,"D:\\sasha\\Calendar\\src\\components\\Day\\dayHelpers.js": {"path":"D:\\sasha\\Calendar\\src\\components\\Day\\dayHelpers.js","statementMap":{"0":{"start":{"line":4,"column":30},"end":{"line":4,"column":78}},"1":{"start":{"line":4,"column":52},"end":{"line":4,"column":78}},"2":{"start":{"line":6,"column":22},"end":{"line":9,"column":1}},"3":{"start":{"line":7,"column":22},"end":{"line":7,"column":54}},"4":{"start":{"line":8,"column":2},"end":{"line":8,"column":44}},"5":{"start":{"line":11,"column":33},"end":{"line":14,"column":1}},"6":{"start":{"line":12,"column":22},"end":{"line":12,"column":54}},"7":{"start":{"line":13,"column":2},"end":{"line":13,"column":35}},"8":{"start":{"line":16,"column":19},"end":{"line":19,"column":1}},"9":{"start":{"line":17,"column":22},"end":{"line":17,"column":54}},"10":{"start":{"line":18,"column":2},"end":{"line":18,"column":35}},"11":{"start":{"line":21,"column":30},"end":{"line":43,"column":1}},"12":{"start":{"line":22,"column":2},"end":{"line":42,"column":3}},"13":{"start":{"line":23,"column":4},"end":{"line":37,"column":5}},"14":{"start":{"line":24,"column":23},"end":{"line":24,"column":50}},"15":{"start":{"line":25,"column":6},"end":{"line":25,"column":22}},"16":{"start":{"line":26,"column":6},"end":{"line":26,"column":19}},"17":{"start":{"line":27,"column":6},"end":{"line":27,"column":24}},"18":{"start":{"line":28,"column":6},"end":{"line":28,"column":16}},"19":{"start":{"line":29,"column":6},"end":{"line":29,"column":20}},"20":{"start":{"line":30,"column":6},"end":{"line":30,"column":77}},"21":{"start":{"line":32,"column":23},"end":{"line":32,"column":53}},"22":{"start":{"line":33,"column":6},"end":{"line":33,"column":22}},"23":{"start":{"line":34,"column":6},"end":{"line":34,"column":26}},"24":{"start":{"line":35,"column":6},"end":{"line":35,"column":20}},"25":{"start":{"line":36,"column":6},"end":{"line":36,"column":84}},"26":{"start":{"line":39,"column":4},"end":{"line":39,"column":20}},"27":{"start":{"line":40,"column":4},"end":{"line":40,"column":13}},"28":{"start":{"line":41,"column":4},"end":{"line":41,"column":33}},"29":{"start":{"line":45,"column":26},"end":{"line":66,"column":1}},"30":{"start":{"line":46,"column":18},"end":{"line":46,"column":60}},"31":{"start":{"line":47,"column":2},"end":{"line":65,"column":3}},"32":{"start":{"line":48,"column":4},"end":{"line":60,"column":5}},"33":{"start":{"line":49,"column":6},"end":{"line":49,"column":16}},"34":{"start":{"line":50,"column":6},"end":{"line":50,"column":18}},"35":{"start":{"line":51,"column":6},"end":{"line":51,"column":24}},"36":{"start":{"line":52,"column":6},"end":{"line":52,"column":16}},"37":{"start":{"line":53,"column":6},"end":{"line":53,"column":14}},"38":{"start":{"line":54,"column":6},"end":{"line":54,"column":76}},"39":{"start":{"line":56,"column":6},"end":{"line":56,"column":16}},"40":{"start":{"line":57,"column":6},"end":{"line":57,"column":26}},"41":{"start":{"line":58,"column":6},"end":{"line":58,"column":14}},"42":{"start":{"line":59,"column":6},"end":{"line":59,"column":84}},"43":{"start":{"line":62,"column":4},"end":{"line":62,"column":20}},"44":{"start":{"line":63,"column":4},"end":{"line":63,"column":13}},"45":{"start":{"line":64,"column":4},"end":{"line":64,"column":33}}},"fnMap":{"0":{"name":"(anonymous_0)","decl":{"start":{"line":4,"column":30},"end":{"line":4,"column":31}},"loc":{"start":{"line":4,"column":52},"end":{"line":4,"column":78}},"line":4},"1":{"name":"(anonymous_1)","decl":{"start":{"line":6,"column":22},"end":{"line":6,"column":23}},"loc":{"start":{"line":6,"column":44},"end":{"line":9,"column":1}},"line":6},"2":{"name":"(anonymous_2)","decl":{"start":{"line":11,"column":33},"end":{"line":11,"column":34}},"loc":{"start":{"line":11,"column":55},"end":{"line":14,"column":1}},"line":11},"3":{"name":"(anonymous_3)","decl":{"start":{"line":16,"column":19},"end":{"line":16,"column":20}},"loc":{"start":{"line":16,"column":41},"end":{"line":19,"column":1}},"line":16},"4":{"name":"(anonymous_4)","decl":{"start":{"line":21,"column":30},"end":{"line":21,"column":31}},"loc":{"start":{"line":21,"column":88},"end":{"line":43,"column":1}},"line":21},"5":{"name":"(anonymous_5)","decl":{"start":{"line":45,"column":26},"end":{"line":45,"column":27}},"loc":{"start":{"line":45,"column":84},"end":{"line":66,"column":1}},"line":45}},"branchMap":{"0":{"loc":{"start":{"line":22,"column":2},"end":{"line":42,"column":3}},"type":"if","locations":[{"start":{"line":22,"column":2},"end":{"line":42,"column":3}},{"start":{"line":22,"column":2},"end":{"line":42,"column":3}}],"line":22},"1":{"loc":{"start":{"line":23,"column":4},"end":{"line":37,"column":5}},"type":"if","locations":[{"start":{"line":23,"column":4},"end":{"line":37,"column":5}},{"start":{"line":23,"column":4},"end":{"line":37,"column":5}}],"line":23},"2":{"loc":{"start":{"line":47,"column":2},"end":{"line":65,"column":3}},"type":"if","locations":[{"start":{"line":47,"column":2},"end":{"line":65,"column":3}},{"start":{"line":47,"column":2},"end":{"line":65,"column":3}}],"line":47},"3":{"loc":{"start":{"line":48,"column":4},"end":{"line":60,"column":5}},"type":"if","locations":[{"start":{"line":48,"column":4},"end":{"line":60,"column":5}},{"start":{"line":48,"column":4},"end":{"line":60,"column":5}}],"line":48}},"s":{"0":8,"1":11,"2":8,"3":4,"4":4,"5":8,"6":4,"7":4,"8":8,"9":3,"10":3,"11":8,"12":4,"13":3,"14":2,"15":2,"16":2,"17":2,"18":2,"19":2,"20":2,"21":1,"22":1,"23":1,"24":1,"25":1,"26":1,"27":1,"28":1,"29":8,"30":4,"31":4,"32":3,"33":2,"34":2,"35":2,"36":2,"37":2,"38":2,"39":1,"40":1,"41":1,"42":1,"43":1,"44":1,"45":1},"f":{"0":11,"1":4,"2":4,"3":3,"4":4,"5":4},"b":{"0":[3,1],"1":[2,1],"2":[3,1],"3":[2,1]},"_coverageSchema":"332fd63041d2c1bcb487cc26dd0d5f7d97098a6c","hash":"e21ce95f1b77330a16db344f08c8f0339300b74a"}
,"D:\\sasha\\Calendar\\src\\components\\Day\\renderDayBody.js": {"path":"D:\\sasha\\Calendar\\src\\components\\Day\\renderDayBody.js","statementMap":{"0":{"start":{"line":8,"column":28},"end":{"line":19,"column":1}},"1":{"start":{"line":9,"column":20},"end":{"line":9,"column":22}},"2":{"start":{"line":10,"column":15},"end":{"line":10,"column":41}},"3":{"start":{"line":11,"column":2},"end":{"line":17,"column":3}},"4":{"start":{"line":12,"column":22},"end":{"line":12,"column":31}},"5":{"start":{"line":13,"column":22},"end":{"line":13,"column":81}},"6":{"start":{"line":14,"column":4},"end":{"line":16,"column":5}},"7":{"start":{"line":15,"column":6},"end":{"line":15,"column":32}},"8":{"start":{"line":18,"column":2},"end":{"line":18,"column":19}},"9":{"start":{"line":21,"column":25},"end":{"line":21,"column":89}},"10":{"start":{"line":21,"column":35},"end":{"line":21,"column":89}},"11":{"start":{"line":23,"column":20},"end":{"line":32,"column":9}},"12":{"start":{"line":24,"column":3},"end":{"line":32,"column":8}},"13":{"start":{"line":34,"column":22},"end":{"line":34,"column":67}},"14":{"start":{"line":34,"column":35},"end":{"line":34,"column":67}},"15":{"start":{"line":36,"column":21},"end":{"line":42,"column":1}},"16":{"start":{"line":37,"column":22},"end":{"line":40,"column":4}},"17":{"start":{"line":38,"column":21},"end":{"line":38,"column":32}},"18":{"start":{"line":39,"column":4},"end":{"line":39,"column":61}},"19":{"start":{"line":41,"column":2},"end":{"line":41,"column":21}},"20":{"start":{"line":44,"column":22},"end":{"line":51,"column":1}},"21":{"start":{"line":45,"column":20},"end":{"line":45,"column":58}},"22":{"start":{"line":46,"column":2},"end":{"line":49,"column":3}},"23":{"start":{"line":47,"column":28},"end":{"line":47,"column":52}},"24":{"start":{"line":48,"column":4},"end":{"line":48,"column":59}},"25":{"start":{"line":50,"column":2},"end":{"line":50,"column":86}}},"fnMap":{"0":{"name":"(anonymous_0)","decl":{"start":{"line":8,"column":28},"end":{"line":8,"column":29}},"loc":{"start":{"line":8,"column":58},"end":{"line":19,"column":1}},"line":8},"1":{"name":"(anonymous_1)","decl":{"start":{"line":21,"column":25},"end":{"line":21,"column":26}},"loc":{"start":{"line":21,"column":35},"end":{"line":21,"column":89}},"line":21},"2":{"name":"(anonymous_2)","decl":{"start":{"line":23,"column":20},"end":{"line":23,"column":21}},"loc":{"start":{"line":24,"column":3},"end":{"line":32,"column":8}},"line":24},"3":{"name":"(anonymous_3)","decl":{"start":{"line":34,"column":22},"end":{"line":34,"column":23}},"loc":{"start":{"line":34,"column":35},"end":{"line":34,"column":67}},"line":34},"4":{"name":"(anonymous_4)","decl":{"start":{"line":36,"column":21},"end":{"line":36,"column":22}},"loc":{"start":{"line":36,"column":60},"end":{"line":42,"column":1}},"line":36},"5":{"name":"(anonymous_5)","decl":{"start":{"line":37,"column":42},"end":{"line":37,"column":43}},"loc":{"start":{"line":37,"column":53},"end":{"line":40,"column":3}},"line":37},"6":{"name":"(anonymous_6)","decl":{"start":{"line":44,"column":22},"end":{"line":44,"column":23}},"loc":{"start":{"line":44,"column":52},"end":{"line":51,"column":1}},"line":44}},"branchMap":{"0":{"loc":{"start":{"line":14,"column":4},"end":{"line":16,"column":5}},"type":"if","locations":[{"start":{"line":14,"column":4},"end":{"line":16,"column":5}},{"start":{"line":14,"column":4},"end":{"line":16,"column":5}}],"line":14},"1":{"loc":{"start":{"line":46,"column":2},"end":{"line":49,"column":3}},"type":"if","locations":[{"start":{"line":46,"column":2},"end":{"line":49,"column":3}},{"start":{"line":46,"column":2},"end":{"line":49,"column":3}}],"line":46}},"s":{"0":7,"1":6,"2":6,"3":6,"4":6,"5":6,"6":6,"7":4,"8":6,"9":7,"10":1,"11":7,"12":2,"13":7,"14":1,"15":7,"16":1,"17":2,"18":2,"19":1,"20":7,"21":4,"22":4,"23":1,"24":1,"25":3},"f":{"0":6,"1":1,"2":2,"3":1,"4":1,"5":2,"6":4},"b":{"0":[4,2],"1":[1,3]},"_coverageSchema":"332fd63041d2c1bcb487cc26dd0d5f7d97098a6c","hash":"f404d7acdbf9b3497dd4c6db357548ca24153e39"}
,"D:\\sasha\\Calendar\\src\\components\\Events\\Events.js": {"path":"D:\\sasha\\Calendar\\src\\components\\Events\\Events.js","statementMap":{"0":{"start":{"line":20,"column":4},"end":{"line":20,"column":27}},"1":{"start":{"line":31,"column":8},"end":{"line":31,"column":18}},"2":{"start":{"line":32,"column":4},"end":{"line":52,"column":5}},"3":{"start":{"line":34,"column":8},"end":{"line":34,"column":37}},"4":{"start":{"line":37,"column":8},"end":{"line":37,"column":35}},"5":{"start":{"line":40,"column":8},"end":{"line":40,"column":35}},"6":{"start":{"line":43,"column":8},"end":{"line":43,"column":50}},"7":{"start":{"line":46,"column":8},"end":{"line":46,"column":52}},"8":{"start":{"line":49,"column":8},"end":{"line":49,"column":52}},"9":{"start":{"line":51,"column":15},"end":{"line":51,"column":54}},"10":{"start":{"line":56,"column":24},"end":{"line":56,"column":34}},"11":{"start":{"line":57,"column":4},"end":{"line":57,"column":21}},"12":{"start":{"line":61,"column":36},"end":{"line":61,"column":46}},"13":{"start":{"line":62,"column":38},"end":{"line":62,"column":61}},"14":{"start":{"line":63,"column":24},"end":{"line":63,"column":50}},"15":{"start":{"line":64,"column":4},"end":{"line":70,"column":5}},"16":{"start":{"line":65,"column":23},"end":{"line":65,"column":49}},"17":{"start":{"line":66,"column":6},"end":{"line":66,"column":28}},"18":{"start":{"line":68,"column":23},"end":{"line":68,"column":54}},"19":{"start":{"line":69,"column":6},"end":{"line":69,"column":25}},"20":{"start":{"line":74,"column":19},"end":{"line":74,"column":29}},"21":{"start":{"line":75,"column":50},"end":{"line":75,"column":73}},"22":{"start":{"line":76,"column":4},"end":{"line":76,"column":32}},"23":{"start":{"line":77,"column":4},"end":{"line":77,"column":20}},"24":{"start":{"line":81,"column":37},"end":{"line":81,"column":60}},"25":{"start":{"line":82,"column":24},"end":{"line":82,"column":34}},"26":{"start":{"line":83,"column":4},"end":{"line":83,"column":32}},"27":{"start":{"line":84,"column":4},"end":{"line":84,"column":21}},"28":{"start":{"line":98,"column":8},"end":{"line":98,"column":18}},"29":{"start":{"line":99,"column":18},"end":{"line":99,"column":40}},"30":{"start":{"line":100,"column":4},"end":{"line":102,"column":5}},"31":{"start":{"line":101,"column":6},"end":{"line":101,"column":34}},"32":{"start":{"line":103,"column":4},"end":{"line":108,"column":8}},"33":{"start":{"line":130,"column":8},"end":{"line":130,"column":18}},"34":{"start":{"line":131,"column":37},"end":{"line":131,"column":60}},"35":{"start":{"line":132,"column":25},"end":{"line":132,"column":48}},"36":{"start":{"line":133,"column":4},"end":{"line":143,"column":5}},"37":{"start":{"line":142,"column":6},"end":{"line":142,"column":32}},"38":{"start":{"line":144,"column":4},"end":{"line":184,"column":6}},"39":{"start":{"line":181,"column":127},"end":{"line":181,"column":153}},"40":{"start":{"line":188,"column":0},"end":{"line":212,"column":2}},"41":{"start":{"line":214,"column":24},"end":{"line":244,"column":1}},"42":{"start":{"line":215,"column":2},"end":{"line":215,"column":30}},"43":{"start":{"line":216,"column":2},"end":{"line":216,"column":36}},"44":{"start":{"line":217,"column":17},"end":{"line":217,"column":50}},"45":{"start":{"line":218,"column":18},"end":{"line":218,"column":52}},"46":{"start":{"line":219,"column":19},"end":{"line":219,"column":78}},"47":{"start":{"line":219,"column":40},"end":{"line":219,"column":77}},"48":{"start":{"line":220,"column":17},"end":{"line":220,"column":41}},"49":{"start":{"line":221,"column":20},"end":{"line":221,"column":57}},"50":{"start":{"line":222,"column":17},"end":{"line":222,"column":102}},"51":{"start":{"line":223,"column":2},"end":{"line":243,"column":4}},"52":{"start":{"line":247,"column":2},"end":{"line":249,"column":4}}},"fnMap":{"0":{"name":"(anonymous_0)","decl":{"start":{"line":19,"column":2},"end":{"line":19,"column":3}},"loc":{"start":{"line":19,"column":22},"end":{"line":21,"column":3}},"line":19},"1":{"name":"(anonymous_1)","decl":{"start":{"line":23,"column":20},"end":{"line":23,"column":21}},"loc":{"start":{"line":23,"column":26},"end":{"line":53,"column":3}},"line":23},"2":{"name":"(anonymous_2)","decl":{"start":{"line":55,"column":25},"end":{"line":55,"column":26}},"loc":{"start":{"line":55,"column":31},"end":{"line":58,"column":3}},"line":55},"3":{"name":"(anonymous_3)","decl":{"start":{"line":60,"column":17},"end":{"line":60,"column":18}},"loc":{"start":{"line":60,"column":29},"end":{"line":71,"column":3}},"line":60},"4":{"name":"(anonymous_4)","decl":{"start":{"line":73,"column":16},"end":{"line":73,"column":17}},"loc":{"start":{"line":73,"column":22},"end":{"line":78,"column":3}},"line":73},"5":{"name":"(anonymous_5)","decl":{"start":{"line":80,"column":22},"end":{"line":80,"column":23}},"loc":{"start":{"line":80,"column":28},"end":{"line":85,"column":3}},"line":80},"6":{"name":"(anonymous_6)","decl":{"start":{"line":87,"column":16},"end":{"line":87,"column":17}},"loc":{"start":{"line":87,"column":22},"end":{"line":109,"column":3}},"line":87},"7":{"name":"(anonymous_7)","decl":{"start":{"line":111,"column":2},"end":{"line":111,"column":3}},"loc":{"start":{"line":111,"column":11},"end":{"line":185,"column":3}},"line":111},"8":{"name":"(anonymous_8)","decl":{"start":{"line":181,"column":121},"end":{"line":181,"column":122}},"loc":{"start":{"line":181,"column":127},"end":{"line":181,"column":153}},"line":181},"9":{"name":"(anonymous_9)","decl":{"start":{"line":214,"column":24},"end":{"line":214,"column":25}},"loc":{"start":{"line":214,"column":45},"end":{"line":244,"column":1}},"line":214},"10":{"name":"(anonymous_10)","decl":{"start":{"line":219,"column":31},"end":{"line":219,"column":32}},"loc":{"start":{"line":219,"column":40},"end":{"line":219,"column":77}},"line":219},"11":{"name":"mapDispatchToProps","decl":{"start":{"line":246,"column":9},"end":{"line":246,"column":27}},"loc":{"start":{"line":246,"column":38},"end":{"line":250,"column":1}},"line":246}},"branchMap":{"0":{"loc":{"start":{"line":32,"column":4},"end":{"line":52,"column":5}},"type":"switch","locations":[{"start":{"line":33,"column":6},"end":{"line":35,"column":7}},{"start":{"line":36,"column":6},"end":{"line":38,"column":7}},{"start":{"line":39,"column":6},"end":{"line":41,"column":7}},{"start":{"line":42,"column":6},"end":{"line":44,"column":7}},{"start":{"line":45,"column":6},"end":{"line":47,"column":7}},{"start":{"line":48,"column":6},"end":{"line":50,"column":7}},{"start":{"line":51,"column":6},"end":{"line":51,"column":54}}],"line":32},"1":{"loc":{"start":{"line":64,"column":4},"end":{"line":70,"column":5}},"type":"if","locations":[{"start":{"line":64,"column":4},"end":{"line":70,"column":5}},{"start":{"line":64,"column":4},"end":{"line":70,"column":5}}],"line":64},"2":{"loc":{"start":{"line":100,"column":4},"end":{"line":102,"column":5}},"type":"if","locations":[{"start":{"line":100,"column":4},"end":{"line":102,"column":5}},{"start":{"line":100,"column":4},"end":{"line":102,"column":5}}],"line":100},"3":{"loc":{"start":{"line":100,"column":8},"end":{"line":100,"column":52}},"type":"binary-expr","locations":[{"start":{"line":100,"column":8},"end":{"line":100,"column":18}},{"start":{"line":100,"column":22},"end":{"line":100,"column":35}},{"start":{"line":100,"column":39},"end":{"line":100,"column":52}}],"line":100},"4":{"loc":{"start":{"line":104,"column":14},"end":{"line":104,"column":103}},"type":"binary-expr","locations":[{"start":{"line":104,"column":14},"end":{"line":104,"column":25}},{"start":{"line":104,"column":29},"end":{"line":104,"column":43}},{"start":{"line":104,"column":47},"end":{"line":104,"column":61}},{"start":{"line":104,"column":65},"end":{"line":104,"column":73}},{"start":{"line":104,"column":77},"end":{"line":104,"column":88}},{"start":{"line":104,"column":92},"end":{"line":104,"column":103}}],"line":104},"5":{"loc":{"start":{"line":133,"column":4},"end":{"line":143,"column":5}},"type":"if","locations":[{"start":{"line":133,"column":4},"end":{"line":143,"column":5}},{"start":{"line":133,"column":4},"end":{"line":143,"column":5}}],"line":133},"6":{"loc":{"start":{"line":133,"column":8},"end":{"line":141,"column":17}},"type":"binary-expr","locations":[{"start":{"line":133,"column":8},"end":{"line":133,"column":18}},{"start":{"line":134,"column":6},"end":{"line":134,"column":19}},{"start":{"line":135,"column":6},"end":{"line":135,"column":19}},{"start":{"line":136,"column":6},"end":{"line":136,"column":17}},{"start":{"line":137,"column":6},"end":{"line":137,"column":20}},{"start":{"line":138,"column":6},"end":{"line":138,"column":20}},{"start":{"line":139,"column":6},"end":{"line":139,"column":14}},{"start":{"line":140,"column":6},"end":{"line":140,"column":17}},{"start":{"line":141,"column":6},"end":{"line":141,"column":17}}],"line":133},"7":{"loc":{"start":{"line":162,"column":95},"end":{"line":162,"column":117}},"type":"binary-expr","locations":[{"start":{"line":162,"column":95},"end":{"line":162,"column":103}},{"start":{"line":162,"column":107},"end":{"line":162,"column":117}}],"line":162},"8":{"loc":{"start":{"line":180,"column":50},"end":{"line":180,"column":101}},"type":"cond-expr","locations":[{"start":{"line":180,"column":60},"end":{"line":180,"column":79}},{"start":{"line":180,"column":82},"end":{"line":180,"column":101}}],"line":180},"9":{"loc":{"start":{"line":180,"column":128},"end":{"line":180,"column":150}},"type":"binary-expr","locations":[{"start":{"line":180,"column":128},"end":{"line":180,"column":136}},{"start":{"line":180,"column":140},"end":{"line":180,"column":150}}],"line":180},"10":{"loc":{"start":{"line":181,"column":44},"end":{"line":181,"column":95}},"type":"cond-expr","locations":[{"start":{"line":181,"column":54},"end":{"line":181,"column":73}},{"start":{"line":181,"column":76},"end":{"line":181,"column":95}}],"line":181}},"s":{"0":4,"1":2,"2":2,"3":0,"4":0,"5":1,"6":0,"7":1,"8":0,"9":0,"10":0,"11":0,"12":0,"13":0,"14":0,"15":0,"16":0,"17":0,"18":0,"19":0,"20":1,"21":1,"22":1,"23":1,"24":1,"25":1,"26":1,"27":1,"28":2,"29":2,"30":2,"31":1,"32":1,"33":8,"34":8,"35":8,"36":8,"37":2,"38":6,"39":1,"40":7,"41":7,"42":4,"43":4,"44":4,"45":4,"46":4,"47":8,"48":4,"49":4,"50":4,"51":4,"52":4},"f":{"0":4,"1":2,"2":0,"3":0,"4":1,"5":1,"6":2,"7":8,"8":1,"9":4,"10":8,"11":4},"b":{"0":[0,0,1,0,1,0,0],"1":[0,0],"2":[1,1],"3":[2,2,2],"4":[1,1,1,0,0,0],"5":[2,6],"6":[8,8,8,7,7,7,6,6,6],"7":[6,4],"8":[6,0],"9":[6,4],"10":[6,0]},"_coverageSchema":"332fd63041d2c1bcb487cc26dd0d5f7d97098a6c","hash":"5acceb946c210fcd61e91e1b08425b244a3c08ea"}
,"D:\\sasha\\Calendar\\src\\components\\Events\\helpers\\EventsSelect.js": {"path":"D:\\sasha\\Calendar\\src\\components\\Events\\helpers\\EventsSelect.js","statementMap":{"0":{"start":{"line":6,"column":20},"end":{"line":20,"column":7}},"1":{"start":{"line":6,"column":84},"end":{"line":20,"column":6}},"2":{"start":{"line":10,"column":6},"end":{"line":12,"column":15}},"3":{"start":{"line":25,"column":0},"end":{"line":30,"column":2}}},"fnMap":{"0":{"name":"(anonymous_0)","decl":{"start":{"line":6,"column":20},"end":{"line":6,"column":21}},"loc":{"start":{"line":6,"column":84},"end":{"line":20,"column":6}},"line":6},"1":{"name":"(anonymous_1)","decl":{"start":{"line":9,"column":17},"end":{"line":9,"column":18}},"loc":{"start":{"line":10,"column":6},"end":{"line":12,"column":15}},"line":10}},"branchMap":{"0":{"loc":{"start":{"line":15,"column":3},"end":{"line":19,"column":11}},"type":"binary-expr","locations":[{"start":{"line":15,"column":3},"end":{"line":15,"column":10}},{"start":{"line":16,"column":4},"end":{"line":16,"column":9}},{"start":{"line":17,"column":4},"end":{"line":19,"column":11}}],"line":15}},"s":{"0":7,"1":20,"2":564,"3":7},"f":{"0":20,"1":564},"b":{"0":[20,0,0]},"_coverageSchema":"332fd63041d2c1bcb487cc26dd0d5f7d97098a6c","hash":"1f9dd8167fa4b42b83423cc58311f182d848ee91"}
,"D:\\sasha\\Calendar\\src\\components\\Events\\helpers\\NameInput.js": {"path":"D:\\sasha\\Calendar\\src\\components\\Events\\helpers\\NameInput.js","statementMap":{"0":{"start":{"line":6,"column":18},"end":{"line":18,"column":9}},"1":{"start":{"line":11,"column":2},"end":{"line":18,"column":8}},"2":{"start":{"line":23,"column":0},"end":{"line":27,"column":2}}},"fnMap":{"0":{"name":"(anonymous_0)","decl":{"start":{"line":6,"column":18},"end":{"line":6,"column":19}},"loc":{"start":{"line":11,"column":2},"end":{"line":18,"column":8}},"line":11}},"branchMap":{"0":{"loc":{"start":{"line":13,"column":5},"end":{"line":17,"column":17}},"type":"binary-expr","locations":[{"start":{"line":13,"column":5},"end":{"line":13,"column":12}},{"start":{"line":14,"column":8},"end":{"line":14,"column":13}},{"start":{"line":15,"column":8},"end":{"line":17,"column":15}}],"line":13}},"s":{"0":7,"1":2,"2":7},"f":{"0":2},"b":{"0":[2,0,0]},"_coverageSchema":"332fd63041d2c1bcb487cc26dd0d5f7d97098a6c","hash":"71dd57dd359fc779d609f4a586cc59cac5b0a248"}
,"D:\\sasha\\Calendar\\src\\components\\Events\\helpers\\eventsFormValidation.js": {"path":"D:\\sasha\\Calendar\\src\\components\\Events\\helpers\\eventsFormValidation.js","statementMap":{"0":{"start":{"line":4,"column":29},"end":{"line":48,"column":1}},"1":{"start":{"line":5,"column":17},"end":{"line":5,"column":19}},"2":{"start":{"line":12,"column":30},"end":{"line":12,"column":36}},"3":{"start":{"line":13,"column":15},"end":{"line":13,"column":31}},"4":{"start":{"line":14,"column":16},"end":{"line":14,"column":48}},"5":{"start":{"line":15,"column":15},"end":{"line":15,"column":50}},"6":{"start":{"line":16,"column":24},"end":{"line":26,"column":3}},"7":{"start":{"line":17,"column":16},"end":{"line":17,"column":22}},"8":{"start":{"line":18,"column":4},"end":{"line":24,"column":5}},"9":{"start":{"line":19,"column":6},"end":{"line":21,"column":7}},"10":{"start":{"line":20,"column":8},"end":{"line":20,"column":68}},"11":{"start":{"line":23,"column":6},"end":{"line":23,"column":23}},"12":{"start":{"line":25,"column":4},"end":{"line":25,"column":16}},"13":{"start":{"line":28,"column":19},"end":{"line":28,"column":48}},"14":{"start":{"line":29,"column":2},"end":{"line":31,"column":3}},"15":{"start":{"line":30,"column":4},"end":{"line":30,"column":31}},"16":{"start":{"line":32,"column":2},"end":{"line":34,"column":3}},"17":{"start":{"line":33,"column":4},"end":{"line":33,"column":43}},"18":{"start":{"line":35,"column":2},"end":{"line":37,"column":3}},"19":{"start":{"line":36,"column":4},"end":{"line":36,"column":36}},"20":{"start":{"line":38,"column":2},"end":{"line":40,"column":3}},"21":{"start":{"line":39,"column":4},"end":{"line":39,"column":34}},"22":{"start":{"line":41,"column":2},"end":{"line":43,"column":3}},"23":{"start":{"line":42,"column":4},"end":{"line":42,"column":35}},"24":{"start":{"line":44,"column":2},"end":{"line":46,"column":3}},"25":{"start":{"line":45,"column":4},"end":{"line":45,"column":40}},"26":{"start":{"line":47,"column":2},"end":{"line":47,"column":16}}},"fnMap":{"0":{"name":"(anonymous_0)","decl":{"start":{"line":4,"column":29},"end":{"line":4,"column":30}},"loc":{"start":{"line":4,"column":41},"end":{"line":48,"column":1}},"line":4},"1":{"name":"(anonymous_1)","decl":{"start":{"line":16,"column":24},"end":{"line":16,"column":25}},"loc":{"start":{"line":16,"column":35},"end":{"line":26,"column":3}},"line":16}},"branchMap":{"0":{"loc":{"start":{"line":18,"column":4},"end":{"line":24,"column":5}},"type":"if","locations":[{"start":{"line":18,"column":4},"end":{"line":24,"column":5}},{"start":{"line":18,"column":4},"end":{"line":24,"column":5}}],"line":18},"1":{"loc":{"start":{"line":19,"column":6},"end":{"line":21,"column":7}},"type":"if","locations":[{"start":{"line":19,"column":6},"end":{"line":21,"column":7}},{"start":{"line":19,"column":6},"end":{"line":21,"column":7}}],"line":19},"2":{"loc":{"start":{"line":29,"column":2},"end":{"line":31,"column":3}},"type":"if","locations":[{"start":{"line":29,"column":2},"end":{"line":31,"column":3}},{"start":{"line":29,"column":2},"end":{"line":31,"column":3}}],"line":29},"3":{"loc":{"start":{"line":32,"column":2},"end":{"line":34,"column":3}},"type":"if","locations":[{"start":{"line":32,"column":2},"end":{"line":34,"column":3}},{"start":{"line":32,"column":2},"end":{"line":34,"column":3}}],"line":32},"4":{"loc":{"start":{"line":35,"column":2},"end":{"line":37,"column":3}},"type":"if","locations":[{"start":{"line":35,"column":2},"end":{"line":37,"column":3}},{"start":{"line":35,"column":2},"end":{"line":37,"column":3}}],"line":35},"5":{"loc":{"start":{"line":35,"column":6},"end":{"line":35,"column":49}},"type":"binary-expr","locations":[{"start":{"line":35,"column":6},"end":{"line":35,"column":23}},{"start":{"line":35,"column":27},"end":{"line":35,"column":49}}],"line":35},"6":{"loc":{"start":{"line":38,"column":2},"end":{"line":40,"column":3}},"type":"if","locations":[{"start":{"line":38,"column":2},"end":{"line":40,"column":3}},{"start":{"line":38,"column":2},"end":{"line":40,"column":3}}],"line":38},"7":{"loc":{"start":{"line":41,"column":2},"end":{"line":43,"column":3}},"type":"if","locations":[{"start":{"line":41,"column":2},"end":{"line":43,"column":3}},{"start":{"line":41,"column":2},"end":{"line":43,"column":3}}],"line":41},"8":{"loc":{"start":{"line":44,"column":2},"end":{"line":46,"column":3}},"type":"if","locations":[{"start":{"line":44,"column":2},"end":{"line":46,"column":3}},{"start":{"line":44,"column":2},"end":{"line":46,"column":3}}],"line":44}},"s":{"0":7,"1":4,"2":4,"3":4,"4":4,"5":4,"6":4,"7":4,"8":4,"9":4,"10":0,"11":0,"12":4,"13":4,"14":4,"15":0,"16":4,"17":0,"18":4,"19":0,"20":4,"21":0,"22":4,"23":0,"24":4,"25":0,"26":4},"f":{"0":4,"1":4},"b":{"0":[4,0],"1":[0,4],"2":[0,4],"3":[0,4],"4":[0,4],"5":[4,0],"6":[0,4],"7":[0,4],"8":[0,4]},"_coverageSchema":"332fd63041d2c1bcb487cc26dd0d5f7d97098a6c","hash":"da18d1a2280474ada15ebb9473037c3c8f532338"}
,"D:\\sasha\\Calendar\\src\\components\\Events\\helpers\\eventsHelpers.js": {"path":"D:\\sasha\\Calendar\\src\\components\\Events\\helpers\\eventsHelpers.js","statementMap":{"0":{"start":{"line":4,"column":17},"end":{"line":7,"column":1}},"1":{"start":{"line":5,"column":23},"end":{"line":5,"column":60}},"2":{"start":{"line":5,"column":44},"end":{"line":5,"column":59}},"3":{"start":{"line":6,"column":2},"end":{"line":6,"column":50}},"4":{"start":{"line":9,"column":30},"end":{"line":29,"column":1}},"5":{"start":{"line":10,"column":2},"end":{"line":10,"column":31}},"6":{"start":{"line":10,"column":17},"end":{"line":10,"column":29}},"7":{"start":{"line":11,"column":16},"end":{"line":11,"column":36}},"8":{"start":{"line":12,"column":2},"end":{"line":27,"column":3}},"9":{"start":{"line":13,"column":4},"end":{"line":26,"column":6}},"10":{"start":{"line":28,"column":2},"end":{"line":28,"column":14}},"11":{"start":{"line":31,"column":30},"end":{"line":51,"column":1}},"12":{"start":{"line":32,"column":72},"end":{"line":32,"column":77}},"13":{"start":{"line":33,"column":16},"end":{"line":33,"column":42}},"14":{"start":{"line":34,"column":15},"end":{"line":34,"column":109}},"15":{"start":{"line":35,"column":2},"end":{"line":35,"column":28}},"16":{"start":{"line":36,"column":25},"end":{"line":49,"column":3}},"17":{"start":{"line":50,"column":2},"end":{"line":50,"column":45}}},"fnMap":{"0":{"name":"(anonymous_0)","decl":{"start":{"line":4,"column":17},"end":{"line":4,"column":18}},"loc":{"start":{"line":4,"column":33},"end":{"line":7,"column":1}},"line":4},"1":{"name":"(anonymous_1)","decl":{"start":{"line":5,"column":35},"end":{"line":5,"column":36}},"loc":{"start":{"line":5,"column":44},"end":{"line":5,"column":59}},"line":5},"2":{"name":"(anonymous_2)","decl":{"start":{"line":9,"column":30},"end":{"line":9,"column":31}},"loc":{"start":{"line":9,"column":46},"end":{"line":29,"column":1}},"line":9},"3":{"name":"(anonymous_3)","decl":{"start":{"line":31,"column":30},"end":{"line":31,"column":31}},"loc":{"start":{"line":31,"column":45},"end":{"line":51,"column":1}},"line":31}},"branchMap":{"0":{"loc":{"start":{"line":6,"column":9},"end":{"line":6,"column":49}},"type":"cond-expr","locations":[{"start":{"line":6,"column":24},"end":{"line":6,"column":42}},{"start":{"line":6,"column":45},"end":{"line":6,"column":49}}],"line":6},"1":{"loc":{"start":{"line":10,"column":2},"end":{"line":10,"column":31}},"type":"if","locations":[{"start":{"line":10,"column":2},"end":{"line":10,"column":31}},{"start":{"line":10,"column":2},"end":{"line":10,"column":31}}],"line":10},"2":{"loc":{"start":{"line":12,"column":2},"end":{"line":27,"column":3}},"type":"if","locations":[{"start":{"line":12,"column":2},"end":{"line":27,"column":3}},{"start":{"line":12,"column":2},"end":{"line":27,"column":3}}],"line":12},"3":{"loc":{"start":{"line":23,"column":16},"end":{"line":23,"column":65}},"type":"cond-expr","locations":[{"start":{"line":23,"column":33},"end":{"line":23,"column":58}},{"start":{"line":23,"column":61},"end":{"line":23,"column":65}}],"line":23},"4":{"loc":{"start":{"line":24,"column":18},"end":{"line":24,"column":71}},"type":"cond-expr","locations":[{"start":{"line":24,"column":37},"end":{"line":24,"column":64}},{"start":{"line":24,"column":67},"end":{"line":24,"column":71}}],"line":24},"5":{"loc":{"start":{"line":43,"column":13},"end":{"line":43,"column":57}},"type":"cond-expr","locations":[{"start":{"line":43,"column":29},"end":{"line":43,"column":50}},{"start":{"line":43,"column":53},"end":{"line":43,"column":57}}],"line":43},"6":{"loc":{"start":{"line":44,"column":14},"end":{"line":44,"column":76}},"type":"cond-expr","locations":[{"start":{"line":44,"column":31},"end":{"line":44,"column":69}},{"start":{"line":44,"column":72},"end":{"line":44,"column":76}}],"line":44},"7":{"loc":{"start":{"line":45,"column":12},"end":{"line":45,"column":54}},"type":"cond-expr","locations":[{"start":{"line":45,"column":27},"end":{"line":45,"column":47}},{"start":{"line":45,"column":50},"end":{"line":45,"column":54}}],"line":45},"8":{"loc":{"start":{"line":46,"column":14},"end":{"line":46,"column":63}},"type":"cond-expr","locations":[{"start":{"line":46,"column":31},"end":{"line":46,"column":56}},{"start":{"line":46,"column":59},"end":{"line":46,"column":63}}],"line":46},"9":{"loc":{"start":{"line":47,"column":16},"end":{"line":47,"column":69}},"type":"cond-expr","locations":[{"start":{"line":47,"column":35},"end":{"line":47,"column":62}},{"start":{"line":47,"column":65},"end":{"line":47,"column":69}}],"line":47},"10":{"loc":{"start":{"line":48,"column":17},"end":{"line":48,"column":61}},"type":"cond-expr","locations":[{"start":{"line":48,"column":37},"end":{"line":48,"column":54}},{"start":{"line":48,"column":57},"end":{"line":48,"column":61}}],"line":48}},"s":{"0":8,"1":4,"2":4,"3":4,"4":8,"5":4,"6":0,"7":4,"8":4,"9":4,"10":0,"11":8,"12":1,"13":1,"14":1,"15":1,"16":1,"17":1},"f":{"0":4,"1":4,"2":4,"3":1},"b":{"0":[4,0],"1":[0,4],"2":[4,0],"3":[4,0],"4":[4,0],"5":[1,0],"6":[1,0],"7":[1,0],"8":[1,0],"9":[1,0],"10":[1,0]},"_coverageSchema":"332fd63041d2c1bcb487cc26dd0d5f7d97098a6c","hash":"8353fbac004a849924182ea3ae160824489f348f"}
,"D:\\sasha\\Calendar\\src\\components\\Events\\helpers\\eventsSelectConfig.js": {"path":"D:\\sasha\\Calendar\\src\\components\\Events\\helpers\\eventsSelectConfig.js","statementMap":{"0":{"start":{"line":4,"column":27},"end":{"line":64,"column":1}}},"fnMap":{},"branchMap":{},"s":{"0":7},"f":{},"b":{},"_coverageSchema":"332fd63041d2c1bcb487cc26dd0d5f7d97098a6c","hash":"a9b315fe6ec01cb7be44fa079bf290b04cde0c49"}
,"D:\\sasha\\Calendar\\src\\components\\Events\\helpers\\getOptions.js": {"path":"D:\\sasha\\Calendar\\src\\components\\Events\\helpers\\getOptions.js","statementMap":{"0":{"start":{"line":3,"column":26},"end":{"line":11,"column":1}},"1":{"start":{"line":4,"column":2},"end":{"line":10,"column":3}},"2":{"start":{"line":5,"column":4},"end":{"line":8,"column":5}},"3":{"start":{"line":13,"column":24},"end":{"line":20,"column":1}},"4":{"start":{"line":14,"column":16},"end":{"line":14,"column":18}},"5":{"start":{"line":15,"column":16},"end":{"line":15,"column":31}},"6":{"start":{"line":16,"column":2},"end":{"line":18,"column":3}},"7":{"start":{"line":17,"column":4},"end":{"line":17,"column":18}},"8":{"start":{"line":19,"column":2},"end":{"line":19,"column":15}},"9":{"start":{"line":22,"column":24},"end":{"line":32,"column":1}},"10":{"start":{"line":23,"column":14},"end":{"line":23,"column":37}},"11":{"start":{"line":24,"column":19},"end":{"line":24,"column":21}},"12":{"start":{"line":25,"column":13},"end":{"line":25,"column":39}},"13":{"start":{"line":26,"column":2},"end":{"line":30,"column":3}},"14":{"start":{"line":27,"column":4},"end":{"line":27,"column":24}},"15":{"start":{"line":28,"column":4},"end":{"line":28,"column":41}},"16":{"start":{"line":29,"column":4},"end":{"line":29,"column":38}},"17":{"start":{"line":31,"column":2},"end":{"line":31,"column":18}},"18":{"start":{"line":34,"column":26},"end":{"line":44,"column":1}},"19":{"start":{"line":35,"column":16},"end":{"line":35,"column":40}},"20":{"start":{"line":36,"column":22},"end":{"line":36,"column":24}},"21":{"start":{"line":37,"column":13},"end":{"line":37,"column":41}},"22":{"start":{"line":38,"column":2},"end":{"line":42,"column":3}},"23":{"start":{"line":39,"column":4},"end":{"line":39,"column":27}},"24":{"start":{"line":40,"column":4},"end":{"line":40,"column":48}},"25":{"start":{"line":41,"column":4},"end":{"line":41,"column":40}},"26":{"start":{"line":43,"column":2},"end":{"line":43,"column":21}},"27":{"start":{"line":46,"column":24},"end":{"line":52,"column":1}},"28":{"start":{"line":47,"column":15},"end":{"line":47,"column":17}},"29":{"start":{"line":48,"column":2},"end":{"line":50,"column":3}},"30":{"start":{"line":49,"column":4},"end":{"line":49,"column":17}},"31":{"start":{"line":51,"column":2},"end":{"line":51,"column":14}}},"fnMap":{"0":{"name":"(anonymous_0)","decl":{"start":{"line":3,"column":26},"end":{"line":3,"column":27}},"loc":{"start":{"line":4,"column":2},"end":{"line":10,"column":3}},"line":4},"1":{"name":"(anonymous_1)","decl":{"start":{"line":4,"column":14},"end":{"line":4,"column":15}},"loc":{"start":{"line":5,"column":4},"end":{"line":8,"column":5}},"line":5},"2":{"name":"(anonymous_2)","decl":{"start":{"line":13,"column":24},"end":{"line":13,"column":25}},"loc":{"start":{"line":13,"column":30},"end":{"line":20,"column":1}},"line":13},"3":{"name":"(anonymous_3)","decl":{"start":{"line":22,"column":24},"end":{"line":22,"column":25}},"loc":{"start":{"line":22,"column":30},"end":{"line":32,"column":1}},"line":22},"4":{"name":"(anonymous_4)","decl":{"start":{"line":34,"column":26},"end":{"line":34,"column":27}},"loc":{"start":{"line":34,"column":32},"end":{"line":44,"column":1}},"line":34},"5":{"name":"(anonymous_5)","decl":{"start":{"line":46,"column":24},"end":{"line":46,"column":25}},"loc":{"start":{"line":46,"column":30},"end":{"line":52,"column":1}},"line":46}},"branchMap":{},"s":{"0":7,"1":0,"2":0,"3":7,"4":14,"5":14,"6":14,"7":196,"8":14,"9":7,"10":14,"11":14,"12":14,"13":14,"14":336,"15":336,"16":336,"17":14,"18":7,"19":14,"20":14,"21":14,"22":14,"23":840,"24":840,"25":840,"26":14,"27":7,"28":14,"29":14,"30":434,"31":14},"f":{"0":0,"1":0,"2":14,"3":14,"4":14,"5":14},"b":{},"_coverageSchema":"332fd63041d2c1bcb487cc26dd0d5f7d97098a6c","hash":"61681a2f3777fb368b66c1f4456a8991c7c83b50"}
,"D:\\sasha\\Calendar\\src\\components\\Events\\helpers\\renderSelectBlocks.js": {"path":"D:\\sasha\\Calendar\\src\\components\\Events\\helpers\\renderSelectBlocks.js","statementMap":{"0":{"start":{"line":9,"column":37},"end":{"line":20,"column":1}},"1":{"start":{"line":10,"column":17},"end":{"line":10,"column":19}},"2":{"start":{"line":11,"column":2},"end":{"line":18,"column":3}},"3":{"start":{"line":12,"column":4},"end":{"line":17,"column":5}},"4":{"start":{"line":13,"column":21},"end":{"line":13,"column":42}},"5":{"start":{"line":14,"column":18},"end":{"line":14,"column":71}},"6":{"start":{"line":15,"column":6},"end":{"line":15,"column":54}},"7":{"start":{"line":16,"column":6},"end":{"line":16,"column":45}},"8":{"start":{"line":19,"column":2},"end":{"line":19,"column":16}},"9":{"start":{"line":22,"column":27},"end":{"line":28,"column":1}},"10":{"start":{"line":23,"column":31},"end":{"line":23,"column":66}},"11":{"start":{"line":24,"column":2},"end":{"line":27,"column":4}},"12":{"start":{"line":24,"column":45},"end":{"line":26,"column":8}},"13":{"start":{"line":30,"column":26},"end":{"line":35,"column":7}},"14":{"start":{"line":30,"column":56},"end":{"line":35,"column":6}},"15":{"start":{"line":38,"column":34},"end":{"line":39,"column":84}},"16":{"start":{"line":39,"column":2},"end":{"line":39,"column":84}},"17":{"start":{"line":39,"column":22},"end":{"line":39,"column":83}}},"fnMap":{"0":{"name":"(anonymous_0)","decl":{"start":{"line":9,"column":37},"end":{"line":9,"column":38}},"loc":{"start":{"line":9,"column":43},"end":{"line":20,"column":1}},"line":9},"1":{"name":"(anonymous_1)","decl":{"start":{"line":22,"column":27},"end":{"line":22,"column":28}},"loc":{"start":{"line":22,"column":42},"end":{"line":28,"column":1}},"line":22},"2":{"name":"(anonymous_2)","decl":{"start":{"line":24,"column":34},"end":{"line":24,"column":35}},"loc":{"start":{"line":24,"column":45},"end":{"line":26,"column":8}},"line":24},"3":{"name":"(anonymous_3)","decl":{"start":{"line":30,"column":26},"end":{"line":30,"column":27}},"loc":{"start":{"line":30,"column":56},"end":{"line":35,"column":6}},"line":30},"4":{"name":"(anonymous_4)","decl":{"start":{"line":38,"column":34},"end":{"line":38,"column":35}},"loc":{"start":{"line":39,"column":2},"end":{"line":39,"column":84}},"line":39},"5":{"name":"(anonymous_5)","decl":{"start":{"line":39,"column":14},"end":{"line":39,"column":15}},"loc":{"start":{"line":39,"column":22},"end":{"line":39,"column":83}},"line":39}},"branchMap":{"0":{"loc":{"start":{"line":12,"column":4},"end":{"line":17,"column":5}},"type":"if","locations":[{"start":{"line":12,"column":4},"end":{"line":17,"column":5}},{"start":{"line":12,"column":4},"end":{"line":17,"column":5}}],"line":12},"1":{"loc":{"start":{"line":23,"column":31},"end":{"line":23,"column":66}},"type":"binary-expr","locations":[{"start":{"line":23,"column":31},"end":{"line":23,"column":60}},{"start":{"line":23,"column":64},"end":{"line":23,"column":66}}],"line":23}},"s":{"0":7,"1":8,"2":8,"3":32,"4":32,"5":32,"6":32,"7":32,"8":8,"9":7,"10":24,"11":24,"12":60,"13":7,"14":24,"15":7,"16":6,"17":24},"f":{"0":8,"1":24,"2":60,"3":24,"4":6,"5":24},"b":{"0":[32,0],"1":[24,0]},"_coverageSchema":"332fd63041d2c1bcb487cc26dd0d5f7d97098a6c","hash":"600c4b9716b195b4ad3329259b5c8e99a966b4f1"}
,"D:\\sasha\\Calendar\\src\\components\\Modals\\ConfirmModal.js": {"path":"D:\\sasha\\Calendar\\src\\components\\Modals\\ConfirmModal.js","statementMap":{"0":{"start":{"line":7,"column":21},"end":{"line":20,"column":1}},"1":{"start":{"line":8,"column":2},"end":{"line":19,"column":15}},"2":{"start":{"line":22,"column":0},"end":{"line":29,"column":2}}},"fnMap":{"0":{"name":"(anonymous_0)","decl":{"start":{"line":7,"column":21},"end":{"line":7,"column":22}},"loc":{"start":{"line":8,"column":2},"end":{"line":19,"column":15}},"line":8}},"branchMap":{},"s":{"0":7,"1":2,"2":7},"f":{"0":2},"b":{},"_coverageSchema":"332fd63041d2c1bcb487cc26dd0d5f7d97098a6c","hash":"2a8f885c38051e011e1a94057b83c41005e51289"}
,"D:\\sasha\\Calendar\\src\\components\\Modals\\SaveModal.js": {"path":"D:\\sasha\\Calendar\\src\\components\\Modals\\SaveModal.js","statementMap":{"0":{"start":{"line":7,"column":18},"end":{"line":19,"column":1}},"1":{"start":{"line":8,"column":2},"end":{"line":18,"column":15}},"2":{"start":{"line":21,"column":0},"end":{"line":26,"column":2}}},"fnMap":{"0":{"name":"(anonymous_0)","decl":{"start":{"line":7,"column":18},"end":{"line":7,"column":19}},"loc":{"start":{"line":8,"column":2},"end":{"line":18,"column":15}},"line":8}},"branchMap":{},"s":{"0":7,"1":1,"2":7},"f":{"0":1},"b":{},"_coverageSchema":"332fd63041d2c1bcb487cc26dd0d5f7d97098a6c","hash":"e2febd880f5ab744d6daaf7af6f3fc83470ab020"}
,"D:\\sasha\\Calendar\\src\\components\\Month\\Month.js": {"path":"D:\\sasha\\Calendar\\src\\components\\Month\\Month.js","statementMap":{"0":{"start":{"line":22,"column":26},"end":{"line":22,"column":49}},"1":{"start":{"line":23,"column":23},"end":{"line":23,"column":33}},"2":{"start":{"line":24,"column":4},"end":{"line":24,"column":22}},"3":{"start":{"line":28,"column":94},"end":{"line":28,"column":104}},"4":{"start":{"line":29,"column":25},"end":{"line":29,"column":48}},"5":{"start":{"line":30,"column":24},"end":{"line":30,"column":46}},"6":{"start":{"line":31,"column":18},"end":{"line":31,"column":25}},"7":{"start":{"line":32,"column":4},"end":{"line":34,"column":5}},"8":{"start":{"line":33,"column":6},"end":{"line":33,"column":38}},"9":{"start":{"line":35,"column":4},"end":{"line":38,"column":5}},"10":{"start":{"line":36,"column":6},"end":{"line":36,"column":39}},"11":{"start":{"line":37,"column":6},"end":{"line":37,"column":48}},"12":{"start":{"line":39,"column":4},"end":{"line":67,"column":5}},"13":{"start":{"line":40,"column":6},"end":{"line":66,"column":8}},"14":{"start":{"line":62,"column":50},"end":{"line":62,"column":107}},"15":{"start":{"line":63,"column":50},"end":{"line":63,"column":103}},"16":{"start":{"line":68,"column":4},"end":{"line":68,"column":16}},"17":{"start":{"line":72,"column":0},"end":{"line":84,"column":2}},"18":{"start":{"line":86,"column":24},"end":{"line":99,"column":1}},"19":{"start":{"line":87,"column":19},"end":{"line":87,"column":78}},"20":{"start":{"line":87,"column":40},"end":{"line":87,"column":77}},"21":{"start":{"line":88,"column":17},"end":{"line":88,"column":41}},"22":{"start":{"line":89,"column":18},"end":{"line":89,"column":52}},"23":{"start":{"line":90,"column":2},"end":{"line":98,"column":4}},"24":{"start":{"line":102,"column":2},"end":{"line":106,"column":4}}},"fnMap":{"0":{"name":"(anonymous_0)","decl":{"start":{"line":21,"column":2},"end":{"line":21,"column":3}},"loc":{"start":{"line":21,"column":22},"end":{"line":25,"column":3}},"line":21},"1":{"name":"(anonymous_1)","decl":{"start":{"line":27,"column":2},"end":{"line":27,"column":3}},"loc":{"start":{"line":27,"column":11},"end":{"line":69,"column":3}},"line":27},"2":{"name":"(anonymous_2)","decl":{"start":{"line":62,"column":44},"end":{"line":62,"column":45}},"loc":{"start":{"line":62,"column":50},"end":{"line":62,"column":107}},"line":62},"3":{"name":"(anonymous_3)","decl":{"start":{"line":63,"column":44},"end":{"line":63,"column":45}},"loc":{"start":{"line":63,"column":50},"end":{"line":63,"column":103}},"line":63},"4":{"name":"(anonymous_4)","decl":{"start":{"line":86,"column":24},"end":{"line":86,"column":25}},"loc":{"start":{"line":86,"column":45},"end":{"line":99,"column":1}},"line":86},"5":{"name":"(anonymous_5)","decl":{"start":{"line":87,"column":31},"end":{"line":87,"column":32}},"loc":{"start":{"line":87,"column":40},"end":{"line":87,"column":77}},"line":87},"6":{"name":"mapDispatchToProps","decl":{"start":{"line":101,"column":9},"end":{"line":101,"column":27}},"loc":{"start":{"line":101,"column":38},"end":{"line":107,"column":1}},"line":101}},"branchMap":{"0":{"loc":{"start":{"line":32,"column":4},"end":{"line":34,"column":5}},"type":"if","locations":[{"start":{"line":32,"column":4},"end":{"line":34,"column":5}},{"start":{"line":32,"column":4},"end":{"line":34,"column":5}}],"line":32},"1":{"loc":{"start":{"line":35,"column":4},"end":{"line":38,"column":5}},"type":"if","locations":[{"start":{"line":35,"column":4},"end":{"line":38,"column":5}},{"start":{"line":35,"column":4},"end":{"line":38,"column":5}}],"line":35},"2":{"loc":{"start":{"line":39,"column":4},"end":{"line":67,"column":5}},"type":"if","locations":[{"start":{"line":39,"column":4},"end":{"line":67,"column":5}},{"start":{"line":39,"column":4},"end":{"line":67,"column":5}}],"line":39}},"s":{"0":1,"1":1,"2":1,"3":10,"4":10,"5":10,"6":10,"7":10,"8":1,"9":9,"10":1,"11":1,"12":8,"13":7,"14":1,"15":1,"16":1,"17":7,"18":7,"19":1,"20":12,"21":1,"22":1,"23":1,"24":1},"f":{"0":1,"1":10,"2":1,"3":1,"4":1,"5":12,"6":1},"b":{"0":[1,9],"1":[1,8],"2":[7,1]},"_coverageSchema":"332fd63041d2c1bcb487cc26dd0d5f7d97098a6c","hash":"5f74a6e4cd9860f867fdfb7bfd2b59adf9731c3f"}
,"D:\\sasha\\Calendar\\src\\components\\Month\\MonthBody.js": {"path":"D:\\sasha\\Calendar\\src\\components\\Month\\MonthBody.js","statementMap":{"0":{"start":{"line":11,"column":18},"end":{"line":26,"column":1}},"1":{"start":{"line":12,"column":28},"end":{"line":12,"column":72}},"2":{"start":{"line":13,"column":29},"end":{"line":13,"column":72}},"3":{"start":{"line":14,"column":24},"end":{"line":14,"column":64}},"4":{"start":{"line":15,"column":2},"end":{"line":25,"column":4}},"5":{"start":{"line":29,"column":0},"end":{"line":33,"column":2}}},"fnMap":{"0":{"name":"(anonymous_0)","decl":{"start":{"line":11,"column":18},"end":{"line":11,"column":19}},"loc":{"start":{"line":11,"column":47},"end":{"line":26,"column":1}},"line":11}},"branchMap":{},"s":{"0":8,"1":3,"2":3,"3":3,"4":3,"5":8},"f":{"0":3},"b":{},"_coverageSchema":"332fd63041d2c1bcb487cc26dd0d5f7d97098a6c","hash":"a2039d3e4c6bcd72f6b072f40aed2c388885d029"}
,"D:\\sasha\\Calendar\\src\\components\\Month\\getOptions.js": {"path":"D:\\sasha\\Calendar\\src\\components\\Month\\getOptions.js","statementMap":{"0":{"start":{"line":9,"column":32},"end":{"line":22,"column":1}},"1":{"start":{"line":10,"column":2},"end":{"line":21,"column":3}},"2":{"start":{"line":11,"column":4},"end":{"line":11,"column":17}},"3":{"start":{"line":12,"column":4},"end":{"line":12,"column":22}},"4":{"start":{"line":13,"column":4},"end":{"line":13,"column":14}},"5":{"start":{"line":14,"column":4},"end":{"line":14,"column":15}},"6":{"start":{"line":15,"column":4},"end":{"line":15,"column":57}},"7":{"start":{"line":17,"column":4},"end":{"line":17,"column":24}},"8":{"start":{"line":18,"column":4},"end":{"line":18,"column":15}},"9":{"start":{"line":19,"column":28},"end":{"line":19,"column":41}},"10":{"start":{"line":20,"column":4},"end":{"line":20,"column":34}},"11":{"start":{"line":24,"column":28},"end":{"line":37,"column":1}},"12":{"start":{"line":25,"column":2},"end":{"line":36,"column":3}},"13":{"start":{"line":26,"column":4},"end":{"line":26,"column":16}},"14":{"start":{"line":27,"column":4},"end":{"line":27,"column":22}},"15":{"start":{"line":28,"column":4},"end":{"line":28,"column":14}},"16":{"start":{"line":29,"column":4},"end":{"line":29,"column":14}},"17":{"start":{"line":30,"column":4},"end":{"line":30,"column":60}},"18":{"start":{"line":32,"column":4},"end":{"line":32,"column":24}},"19":{"start":{"line":33,"column":4},"end":{"line":33,"column":15}},"20":{"start":{"line":34,"column":28},"end":{"line":34,"column":41}},"21":{"start":{"line":35,"column":4},"end":{"line":35,"column":34}},"22":{"start":{"line":39,"column":36},"end":{"line":45,"column":1}},"23":{"start":{"line":40,"column":26},"end":{"line":40,"column":59}},"24":{"start":{"line":41,"column":2},"end":{"line":43,"column":3}},"25":{"start":{"line":42,"column":4},"end":{"line":42,"column":26}},"26":{"start":{"line":44,"column":2},"end":{"line":44,"column":27}},"27":{"start":{"line":47,"column":36},"end":{"line":56,"column":1}},"28":{"start":{"line":48,"column":28},"end":{"line":48,"column":30}},"29":{"start":{"line":49,"column":26},"end":{"line":49,"column":66}},"30":{"start":{"line":50,"column":14},"end":{"line":50,"column":71}},"31":{"start":{"line":51,"column":2},"end":{"line":54,"column":3}},"32":{"start":{"line":52,"column":4},"end":{"line":52,"column":34}},"33":{"start":{"line":53,"column":4},"end":{"line":53,"column":15}},"34":{"start":{"line":55,"column":2},"end":{"line":55,"column":27}},"35":{"start":{"line":58,"column":35},"end":{"line":65,"column":1}},"36":{"start":{"line":59,"column":25},"end":{"line":59,"column":27}},"37":{"start":{"line":60,"column":15},"end":{"line":60,"column":40}},"38":{"start":{"line":61,"column":2},"end":{"line":63,"column":3}},"39":{"start":{"line":62,"column":4},"end":{"line":62,"column":27}},"40":{"start":{"line":64,"column":2},"end":{"line":64,"column":24}},"41":{"start":{"line":68,"column":32},"end":{"line":75,"column":1}},"42":{"start":{"line":69,"column":25},"end":{"line":69,"column":73}},"43":{"start":{"line":70,"column":24},"end":{"line":70,"column":26}},"44":{"start":{"line":71,"column":2},"end":{"line":73,"column":3}},"45":{"start":{"line":72,"column":4},"end":{"line":72,"column":26}},"46":{"start":{"line":74,"column":2},"end":{"line":74,"column":23}},"47":{"start":{"line":78,"column":30},"end":{"line":81,"column":1}},"48":{"start":{"line":79,"column":22},"end":{"line":79,"column":46}},"49":{"start":{"line":80,"column":2},"end":{"line":80,"column":21}},"50":{"start":{"line":84,"column":21},"end":{"line":94,"column":1}},"51":{"start":{"line":85,"column":2},"end":{"line":87,"column":3}},"52":{"start":{"line":86,"column":4},"end":{"line":86,"column":17}},"53":{"start":{"line":88,"column":15},"end":{"line":88,"column":41}},"54":{"start":{"line":89,"column":20},"end":{"line":92,"column":4}},"55":{"start":{"line":90,"column":22},"end":{"line":90,"column":99}},"56":{"start":{"line":91,"column":4},"end":{"line":91,"column":34}},"57":{"start":{"line":93,"column":2},"end":{"line":93,"column":19}},"58":{"start":{"line":97,"column":21},"end":{"line":109,"column":1}},"59":{"start":{"line":98,"column":20},"end":{"line":98,"column":22}},"60":{"start":{"line":99,"column":15},"end":{"line":99,"column":41}},"61":{"start":{"line":100,"column":2},"end":{"line":107,"column":3}},"62":{"start":{"line":101,"column":4},"end":{"line":105,"column":5}},"63":{"start":{"line":102,"column":6},"end":{"line":104,"column":7}},"64":{"start":{"line":103,"column":8},"end":{"line":103,"column":34}},"65":{"start":{"line":106,"column":4},"end":{"line":106,"column":48}},"66":{"start":{"line":108,"column":2},"end":{"line":108,"column":15}},"67":{"start":{"line":111,"column":25},"end":{"line":111,"column":89}},"68":{"start":{"line":111,"column":35},"end":{"line":111,"column":89}},"69":{"start":{"line":113,"column":19},"end":{"line":121,"column":1}},"70":{"start":{"line":114,"column":16},"end":{"line":114,"column":39}},"71":{"start":{"line":115,"column":15},"end":{"line":115,"column":41}},"72":{"start":{"line":116,"column":14},"end":{"line":116,"column":26}},"73":{"start":{"line":117,"column":2},"end":{"line":119,"column":3}},"74":{"start":{"line":118,"column":4},"end":{"line":118,"column":25}},"75":{"start":{"line":120,"column":2},"end":{"line":120,"column":15}},"76":{"start":{"line":123,"column":31},"end":{"line":132,"column":1}},"77":{"start":{"line":124,"column":20},"end":{"line":124,"column":64}},"78":{"start":{"line":125,"column":26},"end":{"line":125,"column":64}},"79":{"start":{"line":126,"column":2},"end":{"line":131,"column":5}},"80":{"start":{"line":127,"column":21},"end":{"line":127,"column":32}},"81":{"start":{"line":128,"column":27},"end":{"line":129,"column":90}},"82":{"start":{"line":130,"column":4},"end":{"line":130,"column":25}},"83":{"start":{"line":134,"column":29},"end":{"line":150,"column":1}},"84":{"start":{"line":135,"column":20},"end":{"line":135,"column":58}},"85":{"start":{"line":136,"column":18},"end":{"line":136,"column":46}},"86":{"start":{"line":137,"column":2},"end":{"line":149,"column":11}},"87":{"start":{"line":152,"column":25},"end":{"line":162,"column":1}},"88":{"start":{"line":153,"column":20},"end":{"line":153,"column":58}},"89":{"start":{"line":154,"column":18},"end":{"line":154,"column":46}},"90":{"start":{"line":155,"column":2},"end":{"line":161,"column":11}},"91":{"start":{"line":164,"column":26},"end":{"line":170,"column":1}},"92":{"start":{"line":165,"column":17},"end":{"line":168,"column":4}},"93":{"start":{"line":165,"column":34},"end":{"line":167,"column":46}},"94":{"start":{"line":169,"column":2},"end":{"line":169,"column":16}},"95":{"start":{"line":172,"column":39},"end":{"line":182,"column":1}},"96":{"start":{"line":173,"column":22},"end":{"line":173,"column":55}},"97":{"start":{"line":174,"column":15},"end":{"line":174,"column":54}},"98":{"start":{"line":175,"column":2},"end":{"line":180,"column":3}},"99":{"start":{"line":176,"column":4},"end":{"line":176,"column":15}},"100":{"start":{"line":177,"column":4},"end":{"line":177,"column":14}},"101":{"start":{"line":179,"column":4},"end":{"line":179,"column":15}},"102":{"start":{"line":181,"column":2},"end":{"line":181,"column":59}},"103":{"start":{"line":184,"column":38},"end":{"line":188,"column":1}},"104":{"start":{"line":185,"column":22},"end":{"line":185,"column":55}},"105":{"start":{"line":186,"column":15},"end":{"line":186,"column":53}},"106":{"start":{"line":187,"column":2},"end":{"line":187,"column":57}},"107":{"start":{"line":190,"column":35},"end":{"line":200,"column":1}},"108":{"start":{"line":191,"column":22},"end":{"line":191,"column":55}},"109":{"start":{"line":192,"column":15},"end":{"line":192,"column":50}},"110":{"start":{"line":193,"column":2},"end":{"line":198,"column":3}},"111":{"start":{"line":194,"column":4},"end":{"line":194,"column":14}},"112":{"start":{"line":195,"column":4},"end":{"line":195,"column":14}},"113":{"start":{"line":197,"column":4},"end":{"line":197,"column":15}},"114":{"start":{"line":199,"column":2},"end":{"line":199,"column":59}},"115":{"start":{"line":202,"column":29},"end":{"line":206,"column":1}},"116":{"start":{"line":203,"column":19},"end":{"line":204,"column":68}},"117":{"start":{"line":204,"column":5},"end":{"line":204,"column":66}},"118":{"start":{"line":205,"column":2},"end":{"line":205,"column":18}},"119":{"start":{"line":208,"column":47},"end":{"line":218,"column":1}},"120":{"start":{"line":209,"column":22},"end":{"line":209,"column":55}},"121":{"start":{"line":210,"column":15},"end":{"line":210,"column":54}},"122":{"start":{"line":211,"column":2},"end":{"line":216,"column":3}},"123":{"start":{"line":212,"column":4},"end":{"line":212,"column":15}},"124":{"start":{"line":213,"column":4},"end":{"line":213,"column":14}},"125":{"start":{"line":215,"column":4},"end":{"line":215,"column":15}},"126":{"start":{"line":217,"column":2},"end":{"line":217,"column":65}},"127":{"start":{"line":220,"column":46},"end":{"line":224,"column":1}},"128":{"start":{"line":221,"column":22},"end":{"line":221,"column":55}},"129":{"start":{"line":222,"column":15},"end":{"line":222,"column":53}},"130":{"start":{"line":223,"column":2},"end":{"line":223,"column":63}},"131":{"start":{"line":226,"column":43},"end":{"line":236,"column":1}},"132":{"start":{"line":227,"column":22},"end":{"line":227,"column":55}},"133":{"start":{"line":228,"column":15},"end":{"line":228,"column":50}},"134":{"start":{"line":229,"column":2},"end":{"line":234,"column":3}},"135":{"start":{"line":230,"column":4},"end":{"line":230,"column":14}},"136":{"start":{"line":231,"column":4},"end":{"line":231,"column":14}},"137":{"start":{"line":233,"column":4},"end":{"line":233,"column":15}},"138":{"start":{"line":235,"column":2},"end":{"line":235,"column":65}}},"fnMap":{"0":{"name":"(anonymous_0)","decl":{"start":{"line":9,"column":32},"end":{"line":9,"column":33}},"loc":{"start":{"line":9,"column":77},"end":{"line":22,"column":1}},"line":9},"1":{"name":"(anonymous_1)","decl":{"start":{"line":24,"column":28},"end":{"line":24,"column":29}},"loc":{"start":{"line":24,"column":73},"end":{"line":37,"column":1}},"line":24},"2":{"name":"(anonymous_2)","decl":{"start":{"line":39,"column":36},"end":{"line":39,"column":37}},"loc":{"start":{"line":39,"column":53},"end":{"line":45,"column":1}},"line":39},"3":{"name":"(anonymous_3)","decl":{"start":{"line":47,"column":36},"end":{"line":47,"column":37}},"loc":{"start":{"line":47,"column":53},"end":{"line":56,"column":1}},"line":47},"4":{"name":"(anonymous_4)","decl":{"start":{"line":58,"column":35},"end":{"line":58,"column":36}},"loc":{"start":{"line":58,"column":52},"end":{"line":65,"column":1}},"line":58},"5":{"name":"(anonymous_5)","decl":{"start":{"line":68,"column":32},"end":{"line":68,"column":33}},"loc":{"start":{"line":68,"column":49},"end":{"line":75,"column":1}},"line":68},"6":{"name":"(anonymous_6)","decl":{"start":{"line":78,"column":30},"end":{"line":78,"column":31}},"loc":{"start":{"line":78,"column":47},"end":{"line":81,"column":1}},"line":78},"7":{"name":"(anonymous_7)","decl":{"start":{"line":84,"column":21},"end":{"line":84,"column":22}},"loc":{"start":{"line":84,"column":51},"end":{"line":94,"column":1}},"line":84},"8":{"name":"(anonymous_8)","decl":{"start":{"line":89,"column":32},"end":{"line":89,"column":33}},"loc":{"start":{"line":89,"column":43},"end":{"line":92,"column":3}},"line":89},"9":{"name":"(anonymous_9)","decl":{"start":{"line":97,"column":21},"end":{"line":97,"column":22}},"loc":{"start":{"line":97,"column":51},"end":{"line":109,"column":1}},"line":97},"10":{"name":"(anonymous_10)","decl":{"start":{"line":111,"column":25},"end":{"line":111,"column":26}},"loc":{"start":{"line":111,"column":35},"end":{"line":111,"column":89}},"line":111},"11":{"name":"(anonymous_11)","decl":{"start":{"line":113,"column":19},"end":{"line":113,"column":20}},"loc":{"start":{"line":113,"column":41},"end":{"line":121,"column":1}},"line":113},"12":{"name":"(anonymous_12)","decl":{"start":{"line":123,"column":31},"end":{"line":123,"column":32}},"loc":{"start":{"line":123,"column":61},"end":{"line":132,"column":1}},"line":123},"13":{"name":"(anonymous_13)","decl":{"start":{"line":126,"column":29},"end":{"line":126,"column":30}},"loc":{"start":{"line":126,"column":40},"end":{"line":131,"column":3}},"line":126},"14":{"name":"(anonymous_14)","decl":{"start":{"line":134,"column":29},"end":{"line":134,"column":30}},"loc":{"start":{"line":134,"column":66},"end":{"line":150,"column":1}},"line":134},"15":{"name":"(anonymous_15)","decl":{"start":{"line":152,"column":25},"end":{"line":152,"column":26}},"loc":{"start":{"line":152,"column":62},"end":{"line":162,"column":1}},"line":152},"16":{"name":"(anonymous_16)","decl":{"start":{"line":164,"column":26},"end":{"line":164,"column":27}},"loc":{"start":{"line":164,"column":73},"end":{"line":170,"column":1}},"line":164},"17":{"name":"(anonymous_17)","decl":{"start":{"line":165,"column":26},"end":{"line":165,"column":27}},"loc":{"start":{"line":165,"column":34},"end":{"line":167,"column":46}},"line":165},"18":{"name":"(anonymous_18)","decl":{"start":{"line":172,"column":39},"end":{"line":172,"column":40}},"loc":{"start":{"line":172,"column":64},"end":{"line":182,"column":1}},"line":172},"19":{"name":"(anonymous_19)","decl":{"start":{"line":184,"column":38},"end":{"line":184,"column":39}},"loc":{"start":{"line":184,"column":63},"end":{"line":188,"column":1}},"line":184},"20":{"name":"(anonymous_20)","decl":{"start":{"line":190,"column":35},"end":{"line":190,"column":36}},"loc":{"start":{"line":190,"column":60},"end":{"line":200,"column":1}},"line":190},"21":{"name":"(anonymous_21)","decl":{"start":{"line":202,"column":29},"end":{"line":202,"column":30}},"loc":{"start":{"line":202,"column":35},"end":{"line":206,"column":1}},"line":202},"22":{"name":"(anonymous_22)","decl":{"start":{"line":203,"column":36},"end":{"line":203,"column":37}},"loc":{"start":{"line":204,"column":5},"end":{"line":204,"column":66}},"line":204},"23":{"name":"(anonymous_23)","decl":{"start":{"line":208,"column":47},"end":{"line":208,"column":48}},"loc":{"start":{"line":208,"column":72},"end":{"line":218,"column":1}},"line":208},"24":{"name":"(anonymous_24)","decl":{"start":{"line":220,"column":46},"end":{"line":220,"column":47}},"loc":{"start":{"line":220,"column":71},"end":{"line":224,"column":1}},"line":220},"25":{"name":"(anonymous_25)","decl":{"start":{"line":226,"column":43},"end":{"line":226,"column":44}},"loc":{"start":{"line":226,"column":68},"end":{"line":236,"column":1}},"line":226}},"branchMap":{"0":{"loc":{"start":{"line":10,"column":2},"end":{"line":21,"column":3}},"type":"if","locations":[{"start":{"line":10,"column":2},"end":{"line":21,"column":3}},{"start":{"line":10,"column":2},"end":{"line":21,"column":3}}],"line":10},"1":{"loc":{"start":{"line":25,"column":2},"end":{"line":36,"column":3}},"type":"if","locations":[{"start":{"line":25,"column":2},"end":{"line":36,"column":3}},{"start":{"line":25,"column":2},"end":{"line":36,"column":3}}],"line":25},"2":{"loc":{"start":{"line":41,"column":2},"end":{"line":43,"column":3}},"type":"if","locations":[{"start":{"line":41,"column":2},"end":{"line":43,"column":3}},{"start":{"line":41,"column":2},"end":{"line":43,"column":3}}],"line":41},"3":{"loc":{"start":{"line":85,"column":2},"end":{"line":87,"column":3}},"type":"if","locations":[{"start":{"line":85,"column":2},"end":{"line":87,"column":3}},{"start":{"line":85,"column":2},"end":{"line":87,"column":3}}],"line":85},"4":{"loc":{"start":{"line":100,"column":2},"end":{"line":107,"column
[...]
,"D:\\sasha\\Calendar\\src\\constants\\Year.js": {"path":"D:\\sasha\\Calendar\\src\\constants\\Year.js","statementMap":{"0":{"start":{"line":1,"column":17},"end":{"line":1,"column":27}}},"fnMap":{},"branchMap":{},"s":{"0":9},"f":{},"b":{},"_coverageSchema":"332fd63041d2c1bcb487cc26dd0d5f7d97098a6c","hash":"f7c380087bf7bc23c2a8d0f0d5e732c6f5963800"}
,"D:\\sasha\\Calendar\\src\\containers\\App.js": {"path":"D:\\sasha\\Calendar\\src\\containers\\App.js","statementMap":{"0":{"start":{"line":12,"column":21},"end":{"line":12,"column":31}},"1":{"start":{"line":13,"column":4},"end":{"line":18,"column":6}},"2":{"start":{"line":22,"column":0},"end":{"line":24,"column":2}},"3":{"start":{"line":26,"column":24},"end":{"line":26,"column":60}},"4":{"start":{"line":26,"column":34},"end":{"line":26,"column":59}}},"fnMap":{"0":{"name":"(anonymous_0)","decl":{"start":{"line":11,"column":2},"end":{"line":11,"column":3}},"loc":{"start":{"line":11,"column":11},"end":{"line":19,"column":3}},"line":11},"1":{"name":"(anonymous_1)","decl":{"start":{"line":26,"column":24},"end":{"line":26,"column":25}},"loc":{"start":{"line":26,"column":34},"end":{"line":26,"column":59}},"line":26}},"branchMap":{"0":{"loc":{"start":{"line":14,"column":7},"end":{"line":16,"column":18}},"type":"cond-expr","locations":[{"start":{"line":15,"column":8},"end":{"line":15,"column":36}},{"start":{"line":16,"column":8},"end":{"line":16,"column":18}}],"line":14}},"s":{"0":2,"1":2,"2":7,"3":7,"4":1},"f":{"0":2,"1":1},"b":{"0":[0,2]},"_coverageSchema":"332fd63041d2c1bcb487cc26dd0d5f7d97098a6c","hash":"8db1ebd00b8ac76eec8086a402c2b68f20316fac"}
,"D:\\sasha\\Calendar\\src\\reducers\\day.js": {"path":"D:\\sasha\\Calendar\\src\\reducers\\day.js","statementMap":{"0":{"start":{"line":3,"column":21},"end":{"line":5,"column":1}},"1":{"start":{"line":8,"column":2},"end":{"line":13,"column":3}},"2":{"start":{"line":10,"column":6},"end":{"line":10,"column":47}},"3":{"start":{"line":12,"column":6},"end":{"line":12,"column":19}}},"fnMap":{"0":{"name":"day","decl":{"start":{"line":7,"column":24},"end":{"line":7,"column":27}},"loc":{"start":{"line":7,"column":63},"end":{"line":14,"column":1}},"line":7}},"branchMap":{"0":{"loc":{"start":{"line":7,"column":28},"end":{"line":7,"column":48}},"type":"default-arg","locations":[{"start":{"line":7,"column":36},"end":{"line":7,"column":48}}],"line":7},"1":{"loc":{"start":{"line":7,"column":50},"end":{"line":7,"column":61}},"type":"default-arg","locations":[{"start":{"line":7,"column":59},"end":{"line":7,"column":61}}],"line":7},"2":{"loc":{"start":{"line":8,"column":2},"end":{"line":13,"column":3}},"type":"switch","locations":[{"start":{"line":9,"column":4},"end":{"line":10,"column":47}},{"start":{"line":11,"column":4},"end":{"line":12,"column":19}}],"line":8}},"s":{"0":8,"1":28,"2":2,"3":26},"f":{"0":28},"b":{"0":[25],"1":[1],"2":[2,26]},"_coverageSchema":"332fd63041d2c1bcb487cc26dd0d5f7d97098a6c","hash":"9cf49c6e377165aff7abd3f771a1aa9370bf784e"}
,"D:\\sasha\\Calendar\\src\\reducers\\index.js": {"path":"D:\\sasha\\Calendar\\src\\reducers\\index.js","statementMap":{},"fnMap":{},"branchMap":{},"s":{},"f":{},"b":{},"_coverageSchema":"332fd63041d2c1bcb487cc26dd0d5f7d97098a6c","hash":"695e15519a73f31fa018caeef9ccaa8685d3ba8e"}
,"D:\\sasha\\Calendar\\src\\reducers\\month.js": {"path":"D:\\sasha\\Calendar\\src\\reducers\\month.js","statementMap":{"0":{"start":{"line":4,"column":2},"end":{"line":9,"column":3}},"1":{"start":{"line":6,"column":6},"end":{"line":6,"column":49}},"2":{"start":{"line":8,"column":6},"end":{"line":8,"column":19}}},"fnMap":{"0":{"name":"month","decl":{"start":{"line":3,"column":24},"end":{"line":3,"column":29}},"loc":{"start":{"line":3,"column":55},"end":{"line":10,"column":1}},"line":3}},"branchMap":{"0":{"loc":{"start":{"line":3,"column":30},"end":{"line":3,"column":40}},"type":"default-arg","locations":[{"start":{"line":3,"column":38},"end":{"line":3,"column":40}}],"line":3},"1":{"loc":{"start":{"line":3,"column":42},"end":{"line":3,"column":53}},"type":"default-arg","locations":[{"start":{"line":3,"column":51},"end":{"line":3,"column":53}}],"line":3},"2":{"loc":{"start":{"line":4,"column":2},"end":{"line":9,"column":3}},"type":"switch","locations":[{"start":{"line":5,"column":4},"end":{"line":6,"column":49}},{"start":{"line":7,"column":4},"end":{"line":8,"column":19}}],"line":4}},"s":{"0":28,"1":2,"2":26},"f":{"0":28},"b":{"0":[25],"1":[1],"2":[2,26]},"_coverageSchema":"332fd63041d2c1bcb487cc26dd0d5f7d97098a6c","hash":"74326b1f59300d1688cbec8de687750c95b365c5"}
,"D:\\sasha\\Calendar\\src\\reducers\\year.js": {"path":"D:\\sasha\\Calendar\\src\\reducers\\year.js","statementMap":{"0":{"start":{"line":4,"column":21},"end":{"line":6,"column":1}},"1":{"start":{"line":9,"column":2},"end":{"line":14,"column":3}},"2":{"start":{"line":11,"column":6},"end":{"line":11,"column":48}},"3":{"start":{"line":13,"column":6},"end":{"line":13,"column":19}}},"fnMap":{"0":{"name":"year","decl":{"start":{"line":8,"column":24},"end":{"line":8,"column":28}},"loc":{"start":{"line":8,"column":64},"end":{"line":15,"column":1}},"line":8}},"branchMap":{"0":{"loc":{"start":{"line":8,"column":29},"end":{"line":8,"column":49}},"type":"default-arg","locations":[{"start":{"line":8,"column":37},"end":{"line":8,"column":49}}],"line":8},"1":{"loc":{"start":{"line":8,"column":51},"end":{"line":8,"column":62}},"type":"default-arg","locations":[{"start":{"line":8,"column":60},"end":{"line":8,"column":62}}],"line":8},"2":{"loc":{"start":{"line":9,"column":2},"end":{"line":14,"column":3}},"type":"switch","locations":[{"start":{"line":10,"column":4},"end":{"line":11,"column":48}},{"start":{"line":12,"column":4},"end":{"line":13,"column":19}}],"line":9}},"s":{"0":8,"1":28,"2":2,"3":26},"f":{"0":28},"b":{"0":[25],"1":[1],"2":[2,26]},"_coverageSchema":"332fd63041d2c1bcb487cc26dd0d5f7d97098a6c","hash":"a4711a7a5b05bb584b7462a882352b17899b858a"}
,"D:\\sasha\\Calendar\\src\\reducers\\events\\addEvent.js": {"path":"D:\\sasha\\Calendar\\src\\reducers\\events\\addEvent.js","statementMap":{"0":{"start":{"line":8,"column":21},"end":{"line":12,"column":1}},"1":{"start":{"line":15,"column":2},"end":{"line":47,"column":3}},"2":{"start":{"line":17,"column":6},"end":{"line":20,"column":8}},"3":{"start":{"line":23,"column":6},"end":{"line":27,"column":8}},"4":{"start":{"line":30,"column":6},"end":{"line":35,"column":8}},"5":{"start":{"line":38,"column":6},"end":{"line":43,"column":8}},"6":{"start":{"line":46,"column":6},"end":{"line":46,"column":19}}},"fnMap":{"0":{"name":"addEvent","decl":{"start":{"line":14,"column":24},"end":{"line":14,"column":32}},"loc":{"start":{"line":14,"column":68},"end":{"line":48,"column":1}},"line":14}},"branchMap":{"0":{"loc":{"start":{"line":14,"column":33},"end":{"line":14,"column":53}},"type":"default-arg","locations":[{"start":{"line":14,"column":41},"end":{"line":14,"column":53}}],"line":14},"1":{"loc":{"start":{"line":14,"column":55},"end":{"line":14,"column":66}},"type":"default-arg","locations":[{"start":{"line":14,"column":64},"end":{"line":14,"column":66}}],"line":14},"2":{"loc":{"start":{"line":15,"column":2},"end":{"line":47,"column":3}},"type":"switch","locations":[{"start":{"line":16,"column":4},"end":{"line":21,"column":5}},{"start":{"line":22,"column":4},"end":{"line":28,"column":5}},{"start":{"line":29,"column":4},"end":{"line":36,"column":5}},{"start":{"line":37,"column":4},"end":{"line":44,"column":5}},{"start":{"line":45,"column":4},"end":{"line":46,"column":19}}],"line":15}},"s":{"0":8,"1":32,"2":1,"3":1,"4":1,"5":1,"6":28},"f":{"0":32},"b":{"0":[27],"1":[1],"2":[1,1,1,1,28]},"_coverageSchema":"332fd63041d2c1bcb487cc26dd0d5f7d97098a6c","hash":"963dab092e48287bc799f41f596fa4e16f15f405"}
,"D:\\sasha\\Calendar\\src\\reducers\\events\\confirmModal.js": {"path":"D:\\sasha\\Calendar\\src\\reducers\\events\\confirmModal.js","statementMap":{"0":{"start":{"line":3,"column":21},"end":{"line":5,"column":1}},"1":{"start":{"line":8,"column":2},"end":{"line":17,"column":3}},"2":{"start":{"line":11,"column":6},"end":{"line":14,"column":8}},"3":{"start":{"line":16,"column":6},"end":{"line":16,"column":19}}},"fnMap":{"0":{"name":"confirmModal","decl":{"start":{"line":7,"column":24},"end":{"line":7,"column":36}},"loc":{"start":{"line":7,"column":72},"end":{"line":18,"column":1}},"line":7}},"branchMap":{"0":{"loc":{"start":{"line":7,"column":37},"end":{"line":7,"column":57}},"type":"default-arg","locations":[{"start":{"line":7,"column":45},"end":{"line":7,"column":57}}],"line":7},"1":{"loc":{"start":{"line":7,"column":59},"end":{"line":7,"column":70}},"type":"default-arg","locations":[{"start":{"line":7,"column":68},"end":{"line":7,"column":70}}],"line":7},"2":{"loc":{"start":{"line":8,"column":2},"end":{"line":17,"column":3}},"type":"switch","locations":[{"start":{"line":10,"column":4},"end":{"line":14,"column":8}},{"start":{"line":15,"column":4},"end":{"line":16,"column":19}}],"line":8}},"s":{"0":8,"1":26,"2":1,"3":25},"f":{"0":26},"b":{"0":[24],"1":[1],"2":[1,25]},"_coverageSchema":"332fd63041d2c1bcb487cc26dd0d5f7d97098a6c","hash":"3b6561cfa896e90209ed4ef913d4379cec4b88ea"}
,"D:\\sasha\\Calendar\\src\\reducers\\events\\getEvents.js": {"path":"D:\\sasha\\Calendar\\src\\reducers\\events\\getEvents.js","statementMap":{"0":{"start":{"line":9,"column":21},"end":{"line":15,"column":1}},"1":{"start":{"line":18,"column":2},"end":{"line":56,"column":3}},"2":{"start":{"line":20,"column":6},"end":{"line":24,"column":8}},"3":{"start":{"line":27,"column":6},"end":{"line":32,"column":8}},"4":{"start":{"line":35,"column":6},"end":{"line":40,"column":8}},"5":{"start":{"line":43,"column":6},"end":{"line":46,"column":8}},"6":{"start":{"line":49,"column":6},"end":{"line":52,"column":8}},"7":{"start":{"line":55,"column":6},"end":{"line":55,"column":19}}},"fnMap":{"0":{"name":"getEvents","decl":{"start":{"line":17,"column":24},"end":{"line":17,"column":33}},"loc":{"start":{"line":17,"column":69},"end":{"line":57,"column":1}},"line":17}},"branchMap":{"0":{"loc":{"start":{"line":17,"column":34},"end":{"line":17,"column":54}},"type":"default-arg","locations":[{"start":{"line":17,"column":42},"end":{"line":17,"column":54}}],"line":17},"1":{"loc":{"start":{"line":17,"column":56},"end":{"line":17,"column":67}},"type":"default-arg","locations":[{"start":{"line":17,"column":65},"end":{"line":17,"column":67}}],"line":17},"2":{"loc":{"start":{"line":18,"column":2},"end":{"line":56,"column":3}},"type":"switch","locations":[{"start":{"line":19,"column":4},"end":{"line":25,"column":5}},{"start":{"line":26,"column":4},"end":{"line":33,"column":5}},{"start":{"line":34,"column":4},"end":{"line":41,"column":5}},{"start":{"line":42,"column":4},"end":{"line":47,"column":5}},{"start":{"line":48,"column":4},"end":{"line":53,"column":5}},{"start":{"line":54,"column":4},"end":{"line":55,"column":19}}],"line":18}},"s":{"0":8,"1":36,"2":1,"3":2,"4":1,"5":1,"6":1,"7":30},"f":{"0":36},"b":{"0":[29],"1":[1],"2":[1,2,1,1,1,30]},"_coverageSchema":"332fd63041d2c1bcb487cc26dd0d5f7d97098a6c","hash":"3e239edbc522703b084f63483183b0e0ea8aae3c"}
,"D:\\sasha\\Calendar\\src\\reducers\\events\\removeEvent.js": {"path":"D:\\sasha\\Calendar\\src\\reducers\\events\\removeEvent.js","statementMap":{"0":{"start":{"line":8,"column":21},"end":{"line":12,"column":1}},"1":{"start":{"line":15,"column":2},"end":{"line":47,"column":3}},"2":{"start":{"line":17,"column":6},"end":{"line":20,"column":8}},"3":{"start":{"line":23,"column":6},"end":{"line":27,"column":8}},"4":{"start":{"line":30,"column":6},"end":{"line":35,"column":8}},"5":{"start":{"line":38,"column":6},"end":{"line":43,"column":8}},"6":{"start":{"line":46,"column":6},"end":{"line":46,"column":19}}},"fnMap":{"0":{"name":"removeEvent","decl":{"start":{"line":14,"column":24},"end":{"line":14,"column":35}},"loc":{"start":{"line":14,"column":71},"end":{"line":48,"column":1}},"line":14}},"branchMap":{"0":{"loc":{"start":{"line":14,"column":36},"end":{"line":14,"column":56}},"type":"default-arg","locations":[{"start":{"line":14,"column":44},"end":{"line":14,"column":56}}],"line":14},"1":{"loc":{"start":{"line":14,"column":58},"end":{"line":14,"column":69}},"type":"default-arg","locations":[{"start":{"line":14,"column":67},"end":{"line":14,"column":69}}],"line":14},"2":{"loc":{"start":{"line":15,"column":2},"end":{"line":47,"column":3}},"type":"switch","locations":[{"start":{"line":16,"column":4},"end":{"line":21,"column":5}},{"start":{"line":22,"column":4},"end":{"line":28,"column":5}},{"start":{"line":29,"column":4},"end":{"line":36,"column":5}},{"start":{"line":37,"column":4},"end":{"line":44,"column":5}},{"start":{"line":45,"column":4},"end":{"line":46,"column":19}}],"line":15}},"s":{"0":8,"1":32,"2":1,"3":1,"4":1,"5":1,"6":28},"f":{"0":32},"b":{"0":[27],"1":[1],"2":[1,1,1,1,28]},"_coverageSchema":"332fd63041d2c1bcb487cc26dd0d5f7d97098a6c","hash":"b503f95967ec143ab37481d79d2ddd71744726d6"}
,"D:\\sasha\\Calendar\\src\\reducers\\events\\updateEvent.js": {"path":"D:\\sasha\\Calendar\\src\\reducers\\events\\updateEvent.js","statementMap":{"0":{"start":{"line":8,"column":21},"end":{"line":12,"column":1}},"1":{"start":{"line":15,"column":2},"end":{"line":48,"column":3}},"2":{"start":{"line":17,"column":6},"end":{"line":21,"column":8}},"3":{"start":{"line":24,"column":6},"end":{"line":28,"column":8}},"4":{"start":{"line":31,"column":6},"end":{"line":36,"column":8}},"5":{"start":{"line":39,"column":6},"end":{"line":44,"column":8}},"6":{"start":{"line":47,"column":6},"end":{"line":47,"column":19}}},"fnMap":{"0":{"name":"updateEvent","decl":{"start":{"line":14,"column":24},"end":{"line":14,"column":35}},"loc":{"start":{"line":14,"column":71},"end":{"line":49,"column":1}},"line":14}},"branchMap":{"0":{"loc":{"start":{"line":14,"column":36},"end":{"line":14,"column":56}},"type":"default-arg","locations":[{"start":{"line":14,"column":44},"end":{"line":14,"column":56}}],"line":14},"1":{"loc":{"start":{"line":14,"column":58},"end":{"line":14,"column":69}},"type":"default-arg","locations":[{"start":{"line":14,"column":67},"end":{"line":14,"column":69}}],"line":14},"2":{"loc":{"start":{"line":15,"column":2},"end":{"line":48,"column":3}},"type":"switch","locations":[{"start":{"line":16,"column":4},"end":{"line":22,"column":5}},{"start":{"line":23,"column":4},"end":{"line":29,"column":5}},{"start":{"line":30,"column":4},"end":{"line":37,"column":5}},{"start":{"line":38,"column":4},"end":{"line":45,"column":5}},{"start":{"line":46,"column":4},"end":{"line":47,"column":19}}],"line":15}},"s":{"0":8,"1":32,"2":1,"3":1,"4":1,"5":1,"6":28},"f":{"0":32},"b":{"0":[27],"1":[1],"2":[1,1,1,1,28]},"_coverageSchema":"332fd63041d2c1bcb487cc26dd0d5f7d97098a6c","hash":"a979b34960160bb42ed1ecb2db016f6d051afe9e"}
,"D:\\sasha\\Calendar\\src\\services\\localStorage.js": {"path":"D:\\sasha\\Calendar\\src\\services\\localStorage.js","statementMap":{"0":{"start":{"line":1,"column":25},"end":{"line":11,"column":1}},"1":{"start":{"line":2,"column":2},"end":{"line":10,"column":3}},"2":{"start":{"line":3,"column":28},"end":{"line":3,"column":57}},"3":{"start":{"line":4,"column":4},"end":{"line":6,"column":5}},"4":{"start":{"line":5,"column":6},"end":{"line":5,"column":23}},"5":{"start":{"line":7,"column":4},"end":{"line":7,"column":39}},"6":{"start":{"line":9,"column":4},"end":{"line":9,"column":15}},"7":{"start":{"line":13,"column":25},"end":{"line":20,"column":1}},"8":{"start":{"line":14,"column":2},"end":{"line":19,"column":3}},"9":{"start":{"line":15,"column":28},"end":{"line":15,"column":49}},"10":{"start":{"line":16,"column":4},"end":{"line":16,"column":51}},"11":{"start":{"line":18,"column":4},"end":{"line":18,"column":21}}},"fnMap":{"0":{"name":"(anonymous_0)","decl":{"start":{"line":1,"column":25},"end":{"line":1,"column":26}},"loc":{"start":{"line":1,"column":31},"end":{"line":11,"column":1}},"line":1},"1":{"name":"(anonymous_1)","decl":{"start":{"line":13,"column":25},"end":{"line":13,"column":26}},"loc":{"start":{"line":13,"column":36},"end":{"line":20,"column":1}},"line":13}},"branchMap":{"0":{"loc":{"start":{"line":4,"column":4},"end":{"line":6,"column":5}},"type":"if","locations":[{"start":{"line":4,"column":4},"end":{"line":6,"column":5}},{"start":{"line":4,"column":4},"end":{"line":6,"column":5}}],"line":4}},"s":{"0":7,"1":4,"2":4,"3":4,"4":2,"5":2,"6":0,"7":7,"8":3,"9":3,"10":3,"11":0},"f":{"0":4,"1":3},"b":{"0":[2,2]},"_coverageSchema":"332fd63041d2c1bcb487cc26dd0d5f7d97098a6c","hash":"30429e8e95ebad5504e49c38c7e8ff43f237cfb0"}
,"D:\\sasha\\Calendar\\src\\services\\mockRequest.js": {"path":"D:\\sasha\\Calendar\\src\\services\\mockRequest.js","statementMap":{"0":{"start":{"line":1,"column":15},"end":{"line":1,"column":51}},"1":{"start":{"line":1,"column":21},"end":{"line":1,"column":51}},"2":{"start":{"line":4,"column":21},"end":{"line":6,"column":1}},"3":{"start":{"line":8,"column":20},"end":{"line":16,"column":2}},"4":{"start":{"line":8,"column":28},"end":{"line":16,"column":2}},"5":{"start":{"line":9,"column":2},"end":{"line":15,"column":10}},"6":{"start":{"line":10,"column":4},"end":{"line":14,"column":5}},"7":{"start":{"line":11,"column":6},"end":{"line":11,"column":20}},"8":{"start":{"line":13,"column":6},"end":{"line":13,"column":43}}},"fnMap":{"0":{"name":"(anonymous_0)","decl":{"start":{"line":1,"column":15},"end":{"line":1,"column":16}},"loc":{"start":{"line":1,"column":21},"end":{"line":1,"column":51}},"line":1},"1":{"name":"(anonymous_1)","decl":{"start":{"line":8,"column":20},"end":{"line":8,"column":21}},"loc":{"start":{"line":8,"column":28},"end":{"line":16,"column":2}},"line":8},"2":{"name":"(anonymous_2)","decl":{"start":{"line":8,"column":40},"end":{"line":8,"column":41}},"loc":{"start":{"line":8,"column":61},"end":{"line":16,"column":1}},"line":8},"3":{"name":"(anonymous_3)","decl":{"start":{"line":9,"column":13},"end":{"line":9,"column":14}},"loc":{"start":{"line":9,"column":19},"end":{"line":15,"column":3}},"line":9}},"branchMap":{"0":{"loc":{"start":{"line":10,"column":4},"end":{"line":14,"column":5}},"type":"if","locations":[{"start":{"line":10,"column":4},"end":{"line":14,"column":5}},{"start":{"line":10,"column":4},"end":{"line":14,"column":5}}],"line":10}},"s":{"0":7,"1":0,"2":7,"3":7,"4":8,"5":8,"6":8,"7":4,"8":4},"f":{"0":0,"1":8,"2":8,"3":8},"b":{"0":[4,4]},"_coverageSchema":"332fd63041d2c1bcb487cc26dd0d5f7d97098a6c","hash":"7a8ed1120cd79518d34fabb439f4bed41c0f0ee0"}
,"D:\\sasha\\Calendar\\src\\store\\configureStore.js": {"path":"D:\\sasha\\Calendar\\src\\store\\configureStore.js","statementMap":{"0":{"start":{"line":8,"column":16},"end":{"line":11,"column":3}},"1":{"start":{"line":13,"column":2},"end":{"line":18,"column":3}},"2":{"start":{"line":14,"column":4},"end":{"line":17,"column":7}},"3":{"start":{"line":15,"column":30},"end":{"line":15,"column":52}},"4":{"start":{"line":16,"column":6},"end":{"line":16,"column":44}},"5":{"start":{"line":20,"column":2},"end":{"line":20,"column":15}}},"fnMap":{"0":{"name":"configureStore","decl":{"start":{"line":7,"column":24},"end":{"line":7,"column":38}},"loc":{"start":{"line":7,"column":41},"end":{"line":21,"column":1}},"line":7},"1":{"name":"(anonymous_1)","decl":{"start":{"line":14,"column":37},"end":{"line":14,"column":38}},"loc":{"start":{"line":14,"column":43},"end":{"line":17,"column":5}},"line":14}},"branchMap":{"0":{"loc":{"start":{"line":13,"column":2},"end":{"line":18,"column":3}},"type":"if","locations":[{"start":{"line":13,"column":2},"end":{"line":18,"column":3}},{"start":{"line":13,"column":2},"end":{"line":18,"column":3}}],"line":13}},"s":{"0":7,"1":7,"2":0,"3":0,"4":0,"5":7},"f":{"0":7,"1":0},"b":{"0":[0,7]},"_coverageSchema":"332fd63041d2c1bcb487cc26dd0d5f7d97098a6c","hash":"fd1bbee6424a9a3d30971a4b15652a2580033764"}
}
