TN:
SF:D:\sasha\Calendar\src\constants.js
FNF:0
FNH:0
DA:1,11
DA:2,11
LF:2
LH:2
BRF:0
BRH:0
end_of_record
TN:
SF:D:\sasha\Calendar\src\index.js
FNF:0
FNH:0
DA:10,7
DA:14,7
LF:2
LH:2
BRDA:20,0,0,7
BRDA:20,0,1,7
BRF:2
BRH:2
end_of_record
TN:
SF:D:\sasha\Calendar\src\router.js
FN:8,(anonymous_0)
FN:25,(anonymous_1)
FN:37,(anonymous_2)
FNF:3
FNH:1
FNDA:1,(anonymous_0)
FNDA:0,(anonymous_1)
FNDA:0,(anonymous_2)
DA:8,7
DA:9,1
DA:26,0
DA:38,0
LF:4
LH:2
BRF:0
BRH:0
end_of_record
TN:
SF:D:\sasha\Calendar\src\actions\DayActions.js
FN:3,setDay
FNF:1
FNH:1
FNDA:1,setDay
DA:4,1
LF:1
LH:1
BRF:0
BRH:0
end_of_record
TN:
SF:D:\sasha\Calendar\src\actions\EventActions.js
FN:25,(anonymous_0)
FN:30,addEvent
FN:31,(anonymous_2)
FN:33,(anonymous_3)
FN:36,(anonymous_4)
FN:43,(anonymous_5)
FN:49,removeEvent
FN:50,(anonymous_7)
FN:52,(anonymous_8)
FN:55,(anonymous_9)
FN:56,(anonymous_10)
FN:63,(anonymous_11)
FN:70,updateEvent
FN:71,(anonymous_13)
FN:73,(anonymous_14)
FN:76,(anonymous_15)
FN:87,(anonymous_16)
FN:94,getEvents
FN:95,(anonymous_18)
FN:97,(anonymous_19)
FN:105,(anonymous_20)
FN:111,setConfirmModalState
FNF:22
FNH:18
FNDA:3,(anonymous_0)
FNDA:2,addEvent
FNDA:2,(anonymous_2)
FNDA:1,(anonymous_3)
FNDA:0,(anonymous_4)
FNDA:1,(anonymous_5)
FNDA:2,removeEvent
FNDA:2,(anonymous_7)
FNDA:1,(anonymous_8)
FNDA:0,(anonymous_9)
FNDA:0,(anonymous_10)
FNDA:1,(anonymous_11)
FNDA:2,updateEvent
FNDA:2,(anonymous_13)
FNDA:1,(anonymous_14)
FNDA:0,(anonymous_15)
FNDA:1,(anonymous_16)
FNDA:5,getEvents
FNDA:2,(anonymous_18)
FNDA:1,(anonymous_19)
FNDA:1,(anonymous_20)
FNDA:1,setConfirmModalState
DA:25,7
DA:26,3
DA:27,3
DA:31,2
DA:32,2
DA:33,2
DA:34,1
DA:35,1
DA:36,1
DA:37,1
DA:38,1
DA:39,1
DA:40,1
DA:41,1
DA:44,1
DA:50,2
DA:51,2
DA:52,2
DA:53,1
DA:54,1
DA:55,1
DA:56,1
DA:57,1
DA:58,1
DA:59,1
DA:60,1
DA:61,1
DA:64,1
DA:65,1
DA:71,2
DA:72,2
DA:73,2
DA:74,1
DA:75,1
DA:76,1
DA:77,0
DA:78,0
DA:80,0
DA:83,1
DA:84,1
DA:85,1
DA:88,1
DA:95,5
DA:96,2
DA:97,2
DA:98,1
DA:99,1
DA:100,1
DA:101,1
DA:102,1
DA:103,1
DA:106,1
DA:112,1
LF:53
LH:50
BRDA:26,0,0,3
BRDA:26,0,1,1
BRDA:77,1,0,0
BRDA:77,1,1,0
BRDA:98,2,0,1
BRDA:98,2,1,1
BRF:6
BRH:4
end_of_record
TN:
SF:D:\sasha\Calendar\src\actions\MonthActions.js
FN:3,setMonth
FNF:1
FNH:1
FNDA:1,setMonth
DA:4,1
LF:1
LH:1
BRF:0
BRH:0
end_of_record
TN:
SF:D:\sasha\Calendar\src\actions\YearActions.js
FN:3,setYear
FNF:1
FNH:1
FNDA:1,setYear
DA:4,1
LF:1
LH:1
BRF:0
BRH:0
end_of_record
TN:
SF:D:\sasha\Calendar\src\components\Day\Day.js
FN:16,(anonymous_0)
FN:22,(anonymous_1)
FN:57,(anonymous_2)
FN:63,(anonymous_3)
FN:92,(anonymous_4)
FN:94,(anonymous_5)
FN:108,mapDispatchToProps
FNF:7
FNH:7
FNDA:1,(anonymous_0)
FNDA:7,(anonymous_1)
FNDA:1,(anonymous_2)
FNDA:1,(anonymous_3)
FNDA:1,(anonymous_4)
FNDA:2,(anonymous_5)
FNDA:1,mapDispatchToProps
DA:17,1
DA:18,1
DA:19,1
DA:23,7
DA:24,7
DA:25,7
DA:26,7
DA:27,7
DA:28,7
DA:29,1
DA:31,6
DA:32,1
DA:33,1
DA:35,5
DA:36,4
DA:57,1
DA:63,1
DA:71,1
DA:76,7
DA:92,7
DA:93,1
DA:94,2
DA:95,1
DA:96,1
DA:97,1
DA:109,1
LF:26
LH:26
BRDA:28,0,0,1
BRDA:28,0,1,6
BRDA:31,1,0,1
BRDA:31,1,1,5
BRDA:35,2,0,4
BRDA:35,2,1,1
BRF:6
BRH:6
end_of_record
TN:
SF:D:\sasha\Calendar\src\components\Day\dayHelpers.js
FN:4,(anonymous_0)
FN:6,(anonymous_1)
FN:11,(anonymous_2)
FN:16,(anonymous_3)
FN:21,(anonymous_4)
FN:45,(anonymous_5)
FNF:6
FNH:6
FNDA:11,(anonymous_0)
FNDA:4,(anonymous_1)
FNDA:4,(anonymous_2)
FNDA:3,(anonymous_3)
FNDA:4,(anonymous_4)
FNDA:4,(anonymous_5)
DA:4,11
DA:6,8
DA:7,4
DA:8,4
DA:11,8
DA:12,4
DA:13,4
DA:16,8
DA:17,3
DA:18,3
DA:21,8
DA:22,4
DA:23,3
DA:24,2
DA:25,2
DA:26,2
DA:27,2
DA:28,2
DA:29,2
DA:30,2
DA:32,1
DA:33,1
DA:34,1
DA:35,1
DA:36,1
DA:39,1
DA:40,1
DA:41,1
DA:45,8
DA:46,4
DA:47,4
DA:48,3
DA:49,2
DA:50,2
DA:51,2
DA:52,2
DA:53,2
DA:54,2
DA:56,1
DA:57,1
DA:58,1
DA:59,1
DA:62,1
DA:63,1
DA:64,1
LF:45
LH:45
BRDA:22,0,0,3
BRDA:22,0,1,1
BRDA:23,1,0,2
BRDA:23,1,1,1
BRDA:47,2,0,3
BRDA:47,2,1,1
BRDA:48,3,0,2
BRDA:48,3,1,1
BRF:8
BRH:8
end_of_record
TN:
SF:D:\sasha\Calendar\src\components\Day\renderDayBody.js
FN:8,(anonymous_0)
FN:21,(anonymous_1)
FN:23,(anonymous_2)
FN:34,(anonymous_3)
FN:36,(anonymous_4)
FN:37,(anonymous_5)
FN:44,(anonymous_6)
FNF:7
FNH:7
FNDA:6,(anonymous_0)
FNDA:1,(anonymous_1)
FNDA:2,(anonymous_2)
FNDA:1,(anonymous_3)
FNDA:1,(anonymous_4)
FNDA:2,(anonymous_5)
FNDA:4,(anonymous_6)
DA:8,7
DA:9,6
DA:10,6
DA:11,6
DA:12,6
DA:13,6
DA:14,6
DA:15,4
DA:18,6
DA:21,7
DA:23,7
DA:24,2
DA:34,7
DA:36,7
DA:37,1
DA:38,2
DA:39,2
DA:41,1
DA:44,7
DA:45,4
DA:46,4
DA:47,1
DA:48,1
DA:50,3
LF:24
LH:24
BRDA:14,0,0,4
BRDA:14,0,1,2
BRDA:46,1,0,1
BRDA:46,1,1,3
BRF:4
BRH:4
end_of_record
TN:
SF:D:\sasha\Calendar\src\components\Events\Events.js
FN:19,(anonymous_0)
FN:23,(anonymous_1)
FN:55,(anonymous_2)
FN:60,(anonymous_3)
FN:73,(anonymous_4)
FN:80,(anonymous_5)
FN:87,(anonymous_6)
FN:111,(anonymous_7)
FN:181,(anonymous_8)
FN:214,(anonymous_9)
FN:219,(anonymous_10)
FN:246,mapDispatchToProps
FNF:12
FNH:10
FNDA:4,(anonymous_0)
FNDA:2,(anonymous_1)
FNDA:0,(anonymous_2)
FNDA:0,(anonymous_3)
FNDA:1,(anonymous_4)
FNDA:1,(anonymous_5)
FNDA:2,(anonymous_6)
FNDA:8,(anonymous_7)
FNDA:1,(anonymous_8)
FNDA:4,(anonymous_9)
FNDA:8,(anonymous_10)
FNDA:4,mapDispatchToProps
DA:20,4
DA:31,2
DA:32,2
DA:34,0
DA:37,0
DA:40,1
DA:43,0
DA:46,1
DA:49,0
DA:51,0
DA:56,0
DA:57,0
DA:61,0
DA:62,0
DA:63,0
DA:64,0
DA:65,0
DA:66,0
DA:68,0
DA:69,0
DA:74,1
DA:75,1
DA:76,1
DA:77,1
DA:81,1
DA:82,1
DA:83,1
DA:84,1
DA:98,2
DA:99,2
DA:100,2
DA:101,1
DA:103,1
DA:130,8
DA:131,8
DA:132,8
DA:133,8
DA:142,2
DA:144,6
DA:181,1
DA:188,7
DA:214,7
DA:215,4
DA:216,4
DA:217,4
DA:218,4
DA:219,8
DA:220,4
DA:221,4
DA:222,4
DA:223,4
DA:247,4
LF:52
LH:37
BRDA:32,0,0,0
BRDA:32,0,1,0
BRDA:32,0,2,1
BRDA:32,0,3,0
BRDA:32,0,4,1
BRDA:32,0,5,0
BRDA:32,0,6,0
BRDA:64,1,0,0
BRDA:64,1,1,0
BRDA:100,2,0,1
BRDA:100,2,1,1
BRDA:100,3,0,2
BRDA:100,3,1,2
BRDA:100,3,2,2
BRDA:104,4,0,1
BRDA:104,4,1,1
BRDA:104,4,2,1
BRDA:104,4,3,0
BRDA:104,4,4,0
BRDA:104,4,5,0
BRDA:133,5,0,2
BRDA:133,5,1,6
BRDA:133,6,0,8
BRDA:133,6,1,8
BRDA:133,6,2,8
BRDA:133,6,3,7
BRDA:133,6,4,7
BRDA:133,6,5,7
BRDA:133,6,6,6
BRDA:133,6,7,6
BRDA:133,6,8,6
BRDA:162,7,0,6
BRDA:162,7,1,4
BRDA:180,8,0,6
BRDA:180,8,1,0
BRDA:180,9,0,6
BRDA:180,9,1,4
BRDA:181,10,0,6
BRDA:181,10,1,0
BRF:39
BRH:27
end_of_record
TN:
SF:D:\sasha\Calendar\src\components\Events\helpers\EventsSelect.js
FN:6,(anonymous_0)
FN:9,(anonymous_1)
FNF:2
FNH:2
FNDA:20,(anonymous_0)
FNDA:564,(anonymous_1)
DA:6,20
DA:10,564
DA:25,7
LF:3
LH:3
BRDA:15,0,0,20
BRDA:15,0,1,0
BRDA:15,0,2,0
BRF:3
BRH:1
end_of_record
TN:
SF:D:\sasha\Calendar\src\components\Events\helpers\NameInput.js
FN:6,(anonymous_0)
FNF:1
FNH:1
FNDA:2,(anonymous_0)
DA:6,7
DA:11,2
DA:23,7
LF:3
LH:3
BRDA:13,0,0,2
BRDA:13,0,1,0
BRDA:13,0,2,0
BRF:3
BRH:1
end_of_record
TN:
SF:D:\sasha\Calendar\src\components\Events\helpers\eventsFormValidation.js
FN:4,(anonymous_0)
FN:16,(anonymous_1)
FNF:2
FNH:2
FNDA:4,(anonymous_0)
FNDA:4,(anonymous_1)
DA:4,7
DA:5,4
DA:12,4
DA:13,4
DA:14,4
DA:15,4
DA:16,4
DA:17,4
DA:18,4
DA:19,4
DA:20,0
DA:23,0
DA:25,4
DA:28,4
DA:29,4
DA:30,0
DA:32,4
DA:33,0
DA:35,4
DA:36,0
DA:38,4
DA:39,0
DA:41,4
DA:42,0
DA:44,4
DA:45,0
DA:47,4
LF:27
LH:19
BRDA:18,0,0,4
BRDA:18,0,1,0
BRDA:19,1,0,0
BRDA:19,1,1,4
BRDA:29,2,0,0
BRDA:29,2,1,4
BRDA:32,3,0,0
BRDA:32,3,1,4
BRDA:35,4,0,0
BRDA:35,4,1,4
BRDA:35,5,0,4
BRDA:35,5,1,0
BRDA:38,6,0,0
BRDA:38,6,1,4
BRDA:41,7,0,0
BRDA:41,7,1,4
BRDA:44,8,0,0
BRDA:44,8,1,4
BRF:18
BRH:9
end_of_record
TN:
SF:D:\sasha\Calendar\src\components\Events\helpers\eventsHelpers.js
FN:4,(anonymous_0)
FN:5,(anonymous_1)
FN:9,(anonymous_2)
FN:31,(anonymous_3)
FNF:4
FNH:4
FNDA:4,(anonymous_0)
FNDA:4,(anonymous_1)
FNDA:4,(anonymous_2)
FNDA:1,(anonymous_3)
DA:4,8
DA:5,4
DA:6,4
DA:9,8
DA:10,4
DA:11,4
DA:12,4
DA:13,4
DA:28,0
DA:31,8
DA:32,1
DA:33,1
DA:34,1
DA:35,1
DA:36,1
DA:50,1
LF:16
LH:15
BRDA:6,0,0,4
BRDA:6,0,1,0
BRDA:10,1,0,0
BRDA:10,1,1,4
BRDA:12,2,0,4
BRDA:12,2,1,0
BRDA:23,3,0,4
BRDA:23,3,1,0
BRDA:24,4,0,4
BRDA:24,4,1,0
BRDA:43,5,0,1
BRDA:43,5,1,0
BRDA:44,6,0,1
BRDA:44,6,1,0
BRDA:45,7,0,1
BRDA:45,7,1,0
BRDA:46,8,0,1
BRDA:46,8,1,0
BRDA:47,9,0,1
BRDA:47,9,1,0
BRDA:48,10,0,1
BRDA:48,10,1,0
BRF:22
BRH:11
end_of_record
TN:
SF:D:\sasha\Calendar\src\components\Events\helpers\eventsSelectConfig.js
FNF:0
FNH:0
DA:4,7
LF:1
LH:1
BRF:0
BRH:0
end_of_record
TN:
SF:D:\sasha\Calendar\src\components\Events\helpers\getOptions.js
FN:3,(anonymous_0)
FN:4,(anonymous_1)
FN:13,(anonymous_2)
FN:22,(anonymous_3)
FN:34,(anonymous_4)
FN:46,(anonymous_5)
FNF:6
FNH:4
FNDA:0,(anonymous_0)
FNDA:0,(anonymous_1)
FNDA:14,(anonymous_2)
FNDA:14,(anonymous_3)
FNDA:14,(anonymous_4)
FNDA:14,(anonymous_5)
DA:3,7
DA:4,0
DA:5,0
DA:13,7
DA:14,14
DA:15,14
DA:16,14
DA:17,196
DA:19,14
DA:22,7
DA:23,14
DA:24,14
DA:25,14
DA:26,14
DA:27,336
DA:28,336
DA:29,336
DA:31,14
DA:34,7
DA:35,14
DA:36,14
DA:37,14
DA:38,14
DA:39,840
DA:40,840
DA:41,840
DA:43,14
DA:46,7
DA:47,14
DA:48,14
DA:49,434
DA:51,14
LF:32
LH:30
BRF:0
BRH:0
end_of_record
TN:
SF:D:\sasha\Calendar\src\components\Events\helpers\renderSelectBlocks.js
FN:9,(anonymous_0)
FN:22,(anonymous_1)
FN:24,(anonymous_2)
FN:30,(anonymous_3)
FN:38,(anonymous_4)
FN:39,(anonymous_5)
FNF:6
FNH:6
FNDA:8,(anonymous_0)
FNDA:24,(anonymous_1)
FNDA:60,(anonymous_2)
FNDA:24,(anonymous_3)
FNDA:6,(anonymous_4)
FNDA:24,(anonymous_5)
DA:9,7
DA:10,8
DA:11,8
DA:12,32
DA:13,32
DA:14,32
DA:15,32
DA:16,32
DA:19,8
DA:22,7
DA:23,24
DA:24,60
DA:30,24
DA:38,7
DA:39,24
LF:15
LH:15
BRDA:12,0,0,32
BRDA:12,0,1,0
BRDA:23,1,0,24
BRDA:23,1,1,0
BRF:4
BRH:2
end_of_record
TN:
SF:D:\sasha\Calendar\src\components\Modals\ConfirmModal.js
FN:7,(anonymous_0)
FNF:1
FNH:1
FNDA:2,(anonymous_0)
DA:7,7
DA:8,2
DA:22,7
LF:3
LH:3
BRF:0
BRH:0
end_of_record
TN:
SF:D:\sasha\Calendar\src\components\Modals\SaveModal.js
FN:7,(anonymous_0)
FNF:1
FNH:1
FNDA:1,(anonymous_0)
DA:7,7
DA:8,1
DA:21,7
LF:3
LH:3
BRF:0
BRH:0
end_of_record
TN:
SF:D:\sasha\Calendar\src\components\Month\Month.js
FN:21,(anonymous_0)
FN:27,(anonymous_1)
FN:62,(anonymous_2)
FN:63,(anonymous_3)
FN:86,(anonymous_4)
FN:87,(anonymous_5)
FN:101,mapDispatchToProps
FNF:7
FNH:7
FNDA:1,(anonymous_0)
FNDA:10,(anonymous_1)
FNDA:1,(anonymous_2)
FNDA:1,(anonymous_3)
FNDA:1,(anonymous_4)
FNDA:12,(anonymous_5)
FNDA:1,mapDispatchToProps
DA:22,1
DA:23,1
DA:24,1
DA:28,10
DA:29,10
DA:30,10
DA:31,10
DA:32,10
DA:33,1
DA:35,9
DA:36,1
DA:37,1
DA:39,8
DA:40,7
DA:62,1
DA:63,1
DA:68,1
DA:72,7
DA:86,7
DA:87,12
DA:88,1
DA:89,1
DA:90,1
DA:102,1
LF:24
LH:24
BRDA:32,0,0,1
BRDA:32,0,1,9
BRDA:35,1,0,1
BRDA:35,1,1,8
BRDA:39,2,0,7
BRDA:39,2,1,1
BRF:6
BRH:6
end_of_record
TN:
SF:D:\sasha\Calendar\src\components\Month\MonthBody.js
FN:11,(anonymous_0)
FNF:1
FNH:1
FNDA:3,(anonymous_0)
DA:11,8
DA:12,3
DA:13,3
DA:14,3
DA:15,3
DA:29,8
LF:6
LH:6
BRF:0
BRH:0
end_of_record
TN:
SF:D:\sasha\Calendar\src\components\Month\getOptions.js
FN:9,(anonymous_0)
FN:24,(anonymous_1)
FN:39,(anonymous_2)
FN:47,(anonymous_3)
FN:58,(anonymous_4)
FN:68,(anonymous_5)
FN:78,(anonymous_6)
FN:84,(anonymous_7)
FN:89,(anonymous_8)
FN:97,(anonymous_9)
FN:111,(anonymous_10)
FN:113,(anonymous_11)
FN:123,(anonymous_12)
FN:126,(anonymous_13)
FN:134,(anonymous_14)
FN:152,(anonymous_15)
FN:164,(anonymous_16)
FN:165,(anonymous_17)
FN:172,(anonymous_18)
FN:184,(anonymous_19)
FN:190,(anonymous_20)
FN:202,(anonymous_21)
FN:203,(anonymous_22)
FN:208,(anonymous_23)
FN:220,(anonymous_24)
FN:226,(anonymous_25)
FNF:26
FNH:26
FNDA:3,(anonymous_0)
FNDA:3,(anonymous_1)
FNDA:10,(anonymous_2)
FNDA:10,(anonymous_3)
FNDA:10,(anonymous_4)
FNDA:10,(anonymous_5)
FNDA:30,(anonymous_6)
FNDA:385,(anonymous_7)
FNDA:166,(anonymous_8)
FNDA:273,(anonymous_9)
FNDA:2,(anonymous_10)
FNDA:385,(anonymous_11)
FNDA:273,(anonymous_12)
FNDA:4,(anonymous_13)
FNDA:273,(anonymous_14)
FNDA:112,(anonymous_15)
FNDA:30,(anonymous_16)
FNDA:385,(anonymous_17)
FNDA:3,(anonymous_18)
FNDA:3,(anonymous_19)
FNDA:3,(anonymous_20)
FNDA:10,(anonymous_21)
FNDA:70,(anonymous_22)
FNDA:7,(anonymous_23)
FNDA:7,(anonymous_24)
FNDA:7,(anonymous_25)
DA:9,9
DA:10,3
DA:11,1
DA:12,1
DA:13,1
DA:14,1
DA:15,1
DA:17,2
DA:18,2
DA:19,2
DA:20,2
DA:24,9
DA:25,3
DA:26,1
DA:27,1
DA:28,1
DA:29,1
DA:30,1
DA:32,2
DA:33,2
DA:34,2
DA:35,2
DA:39,9
DA:40,10
DA:41,10
DA:42,3
DA:44,10
DA:47,9
DA:48,10
DA:49,10
DA:50,10
DA:51,10
DA:52,40
DA:53,40
DA:55,10
DA:58,9
DA:59,10
DA:60,10
DA:61,10
DA:62,308
DA:64,10
DA:68,9
DA:69,10
DA:70,10
DA:71,10
DA:72,37
DA:74,10
DA:78,9
DA:79,30
DA:80,30
DA:84,9
DA:85,385
DA:86,301
DA:88,84
DA:89,84
DA:90,166
DA:91,166
DA:93,84
DA:97,9
DA:98,273
DA:99,273
DA:100,273
DA:101,84
DA:102,168
DA:103,4
DA:106,84
DA:108,189
DA:111,9
DA:113,9
DA:114,385
DA:115,385
DA:116,385
DA:117,385
DA:118,1
DA:120,385
DA:123,9
DA:124,273
DA:125,273
DA:126,273
DA:127,4
DA:128,4
DA:130,4
DA:134,9
DA:135,273
DA:136,273
DA:137,273
DA:152,9
DA:153,112
DA:154,112
DA:155,112
DA:164,9
DA:165,385
DA:169,30
DA:172,9
DA:173,3
DA:174,3
DA:175,3
DA:176,1
DA:177,1
DA:179,2
DA:181,3
DA:184,9
DA:185,3
DA:186,3
DA:187,3
DA:190,9
DA:191,3
DA:192,3
DA:193,3
DA:194,1
DA:195,1
DA:197,2
DA:199,3
DA:202,9
DA:203,10
DA:204,70
DA:205,10
DA:208,9
DA:209,7
DA:210,7
DA:211,7
DA:212,3
DA:213,3
DA:215,4
DA:217,7
DA:220,9
DA:221,7
DA:222,7
DA:223,7
DA:226,9
DA:227,7
DA:228,7
DA:229,7
DA:230,1
DA:231,1
DA:233,6
DA:235,7
LF:137
LH:137
BRDA:10,0,0,1
BRDA:10,0,1,2
BRDA:25,1,0,1
BRDA:25,1,1,2
BRDA:41,2,0,3
BRDA:41,2,1,7
BRDA:85,3,0,301
BRDA:85,3,1,84
BRDA:100,4,0,84
BRDA:100,4,1,189
BRDA:102,5,0,4
BRDA:102,5,1,164
BRDA:106,6,0,2
BRDA:106,6,1,82
BRDA:117,7,0,1
BRDA:117,7,1,384
BRDA:124,8,0,273
BRDA:124,8,1,271
BRDA:125,9,0,273
BRDA:125,9,1,0
BRDA:165,10,0,273
BRDA:165,10,1,112
BRDA:173,11,0,3
BRDA:173,11,1,0
BRDA:174,12,0,3
BRDA:174,12,1,0
BRDA:175,13,0,1
BRDA:175,13,1,2
BRDA:185,14,0,3
BRDA:185,14,1,0
BRDA:186,15,0,3
BRDA:186,15,1,0
BRDA:191,16,0,3
BRDA:191,16,1,0
BRDA:192,17,0,3
BRDA:192,17,1,0
BRDA:193,18,0,1
BRDA:193,18,1,2
BRDA:209,19,0,7
BRDA:209,19,1,0
BRDA:210,20,0,7
BRDA:210,20,1,0
BRDA:211,21,0,3
BRDA:211,21,1,4
BRDA:221,22,0,7
BRDA:221,22,1,0
BRDA:222,23,0,7
BRDA:222,23,1,0
BRDA:227,24,0,7
BRDA:227,24,1,0
BRDA:228,25,0,7
BRDA:228,25,1,0
BRDA:229,26,0,1
BRDA:229,26,1,6
BRF:54
BRH:41
end_of_record
TN:
SF:D:\sasha\Calendar\src\components\Year\Year.js
FN:15,(anonymous_0)
FN:21,(anonymous_1)
FN:29,(anonymous_2)
FN:38,(anonymous_3)
FN:38,(anonymous_4)
FN:48,(anonymous_5)
FN:56,(anonymous_6)
FN:95,(anonymous_7)
FN:106,mapDispatchToProps
FNF:9
FNH:9
FNDA:1,(anonymous_0)
FNDA:1,(anonymous_1)
FNDA:1,(anonymous_2)
FNDA:5,(anonymous_3)
FNDA:60,(anonymous_4)
FNDA:1,(anonymous_5)
FNDA:8,(anonymous_6)
FNDA:1,(anonymous_7)
FNDA:1,mapDispatchToProps
DA:16,1
DA:17,1
DA:18,1
DA:22,1
DA:23,1
DA:24,1
DA:25,1
DA:26,1
DA:30,1
DA:31,1
DA:32,1
DA:33,1
DA:34,1
DA:38,5
DA:39,60
DA:40,60
DA:41,60
DA:48,1
DA:57,8
DA:58,8
DA:59,1
DA:61,7
DA:62,1
DA:63,1
DA:65,6
DA:66,5
DA:78,1
DA:83,7
DA:95,7
DA:96,1
DA:97,1
DA:107,1
LF:32
LH:32
BRDA:58,0,0,1
BRDA:58,0,1,7
BRDA:61,1,0,1
BRDA:61,1,1,6
BRDA:65,2,0,5
BRDA:65,2,1,1
BRF:6
BRH:6
end_of_record
TN:
SF:D:\sasha\Calendar\src\constants\Day.js
FNF:0
FNH:0
DA:1,9
LF:1
LH:1
BRF:0
BRH:0
end_of_record
TN:
SF:D:\sasha\Calendar\src\constants\Events.js
FNF:0
FNH:0
DA:1,12
DA:2,12
DA:3,12
DA:4,12
DA:5,12
DA:6,12
DA:7,12
DA:8,12
DA:9,12
DA:10,12
DA:11,12
DA:12,12
DA:13,12
DA:14,12
DA:15,12
DA:16,12
DA:17,12
DA:18,12
DA:19,12
LF:19
LH:19
BRF:0
BRH:0
end_of_record
TN:
SF:D:\sasha\Calendar\src\constants\Month.js
FNF:0
FNH:0
DA:1,9
LF:1
LH:1
BRF:0
BRH:0
end_of_record
TN:
SF:D:\sasha\Calendar\src\constants\Year.js
FNF:0
FNH:0
DA:1,9
LF:1
LH:1
BRF:0
BRH:0
end_of_record
TN:
SF:D:\sasha\Calendar\src\containers\App.js
FN:11,(anonymous_0)
FN:26,(anonymous_1)
FNF:2
FNH:2
FNDA:2,(anonymous_0)
FNDA:1,(anonymous_1)
DA:12,2
DA:13,2
DA:22,7
DA:26,7
LF:4
LH:4
BRDA:14,0,0,0
BRDA:14,0,1,2
BRF:2
BRH:1
end_of_record
TN:
SF:D:\sasha\Calendar\src\reducers\day.js
FN:7,day
FNF:1
FNH:1
FNDA:28,day
DA:3,8
DA:8,28
DA:10,2
DA:12,26
LF:4
LH:4
BRDA:7,0,0,25
BRDA:7,1,0,1
BRDA:8,2,0,2
BRDA:8,2,1,26
BRF:4
BRH:4
end_of_record
TN:
SF:D:\sasha\Calendar\src\reducers\index.js
FNF:0
FNH:0
LF:0
LH:0
BRF:0
BRH:0
end_of_record
TN:
SF:D:\sasha\Calendar\src\reducers\month.js
FN:3,month
FNF:1
FNH:1
FNDA:28,month
DA:4,28
DA:6,2
DA:8,26
LF:3
LH:3
BRDA:3,0,0,25
BRDA:3,1,0,1
BRDA:4,2,0,2
BRDA:4,2,1,26
BRF:4
BRH:4
end_of_record
TN:
SF:D:\sasha\Calendar\src\reducers\year.js
FN:8,year
FNF:1
FNH:1
FNDA:28,year
DA:4,8
DA:9,28
DA:11,2
DA:13,26
LF:4
LH:4
BRDA:8,0,0,25
BRDA:8,1,0,1
BRDA:9,2,0,2
BRDA:9,2,1,26
BRF:4
BRH:4
end_of_record
TN:
SF:D:\sasha\Calendar\src\reducers\events\addEvent.js
FN:14,addEvent
FNF:1
FNH:1
FNDA:32,addEvent
DA:8,8
DA:15,32
DA:17,1
DA:23,1
DA:30,1
DA:38,1
DA:46,28
LF:7
LH:7
BRDA:14,0,0,27
BRDA:14,1,0,1
BRDA:15,2,0,1
BRDA:15,2,1,1
BRDA:15,2,2,1
BRDA:15,2,3,1
BRDA:15,2,4,28
BRF:7
BRH:7
end_of_record
TN:
SF:D:\sasha\Calendar\src\reducers\events\confirmModal.js
FN:7,confirmModal
FNF:1
FNH:1
FNDA:26,confirmModal
DA:3,8
DA:8,26
DA:11,1
DA:16,25
LF:4
LH:4
BRDA:7,0,0,24
BRDA:7,1,0,1
BRDA:8,2,0,1
BRDA:8,2,1,25
BRF:4
BRH:4
end_of_record
TN:
SF:D:\sasha\Calendar\src\reducers\events\getEvents.js
FN:17,getEvents
FNF:1
FNH:1
FNDA:36,getEvents
DA:9,8
DA:18,36
DA:20,1
DA:27,2
DA:35,1
DA:43,1
DA:49,1
DA:55,30
LF:8
LH:8
BRDA:17,0,0,29
BRDA:17,1,0,1
BRDA:18,2,0,1
BRDA:18,2,1,2
BRDA:18,2,2,1
BRDA:18,2,3,1
BRDA:18,2,4,1
BRDA:18,2,5,30
BRF:8
BRH:8
end_of_record
TN:
SF:D:\sasha\Calendar\src\reducers\events\removeEvent.js
FN:14,removeEvent
FNF:1
FNH:1
FNDA:32,removeEvent
DA:8,8
DA:15,32
DA:17,1
DA:23,1
DA:30,1
DA:38,1
DA:46,28
LF:7
LH:7
BRDA:14,0,0,27
BRDA:14,1,0,1
BRDA:15,2,0,1
BRDA:15,2,1,1
BRDA:15,2,2,1
BRDA:15,2,3,1
BRDA:15,2,4,28
BRF:7
BRH:7
end_of_record
TN:
SF:D:\sasha\Calendar\src\reducers\events\updateEvent.js
FN:14,updateEvent
FNF:1
FNH:1
FNDA:32,updateEvent
DA:8,8
DA:15,32
DA:17,1
DA:24,1
DA:31,1
DA:39,1
DA:47,28
LF:7
LH:7
BRDA:14,0,0,27
BRDA:14,1,0,1
BRDA:15,2,0,1
BRDA:15,2,1,1
BRDA:15,2,2,1
BRDA:15,2,3,1
BRDA:15,2,4,28
BRF:7
BRH:7
end_of_record
TN:
SF:D:\sasha\Calendar\src\services\localStorage.js
FN:1,(anonymous_0)
FN:13,(anonymous_1)
FNF:2
FNH:2
FNDA:4,(anonymous_0)
FNDA:3,(anonymous_1)
DA:1,7
DA:2,4
DA:3,4
DA:4,4
DA:5,2
DA:7,2
DA:9,0
DA:13,7
DA:14,3
DA:15,3
DA:16,3
DA:18,0
LF:12
LH:10
BRDA:4,0,0,2
BRDA:4,0,1,2
BRF:2
BRH:2
end_of_record
TN:
SF:D:\sasha\Calendar\src\services\mockRequest.js
FN:1,(anonymous_0)
FN:8,(anonymous_1)
FN:8,(anonymous_2)
FN:9,(anonymous_3)
FNF:4
FNH:3
FNDA:0,(anonymous_0)
FNDA:8,(anonymous_1)
FNDA:8,(anonymous_2)
FNDA:8,(anonymous_3)
DA:1,7
DA:4,7
DA:8,8
DA:9,8
DA:10,8
DA:11,4
DA:13,4
LF:7
LH:7
BRDA:10,0,0,4
BRDA:10,0,1,4
BRF:2
BRH:2
end_of_record
TN:
SF:D:\sasha\Calendar\src\store\configureStore.js
FN:7,configureStore
FN:14,(anonymous_1)
FNF:2
FNH:1
FNDA:7,configureStore
FNDA:0,(anonymous_1)
DA:8,7
DA:13,7
DA:14,0
DA:15,0
DA:16,0
DA:20,7
LF:6
LH:3
BRDA:13,0,0,0
BRDA:13,0,1,7
BRF:2
BRH:1
end_of_record
